[2022/10/17 04:46:24.409] - Starting server with initial configuration: {"gasLimit":1,"gasPrice":20000000000,"hardfork":"byzantium","hostname":"127.0.0.1","port":7545,"network_id":5777,"default_balance_ether":1000000000000,"total_accounts":10,"unlocked_accounts":[],"locked":false,"vmErrorsOnRPCResponse":true,"verbose":true,"db_path":"/Users/mac/Library/Application Support/Ganache/workspaces/understood-tent/chaindata","logDirectory":"/Users/mac/Documents/mazacoin.org"}
[2022/10/17 04:46:24.613] - eth_subscribe
[2022/10/17 04:46:24.614] -    > {
   >   "jsonrpc": "2.0",
   >   "id": 9,
   >   "method": "eth_subscribe",
   >   "params": [
   >     "newHeads"
   >   ]
   > }
[2022/10/17 04:46:24.622] - eth_getLogs
[2022/10/17 04:46:24.622] -    > {
   >   "jsonrpc": "2.0",
   >   "id": 10,
   >   "method": "eth_getLogs",
   >   "params": [
   >     {
   >       "topics": []
   >     }
   >   ]
   > }
[2022/10/17 04:46:24.623] - eth_subscribe
[2022/10/17 04:46:24.623] -    > {
   >   "jsonrpc": "2.0",
   >   "id": 11,
   >   "method": "eth_subscribe",
   >   "params": [
   >     "logs",
   >     {
   >       "topics": []
   >     }
   >   ]
   > }
[2022/10/17 04:46:24.624] -  <   {
 <     "id": 9,
 <     "jsonrpc": "2.0",
 <     "result": "0x1"
 <   }
[2022/10/17 04:46:24.627] -  <   {
 <     "id": 10,
 <     "jsonrpc": "2.0",
 <     "result": []
 <   }
[2022/10/17 04:46:24.629] -  <   {
 <     "id": 11,
 <     "jsonrpc": "2.0",
 <     "result": "0x2"
 <   }
[2022/10/17 04:46:24.646] - eth_subscribe
[2022/10/17 04:46:24.647] -    > {
   >   "jsonrpc": "2.0",
   >   "id": 12,
   >   "method": "eth_subscribe",
   >   "params": [
   >     "newHeads"
   >   ]
   > }
[2022/10/17 04:46:24.649] - eth_getLogs
[2022/10/17 04:46:24.650] -    > {
   >   "jsonrpc": "2.0",
   >   "id": 13,
   >   "method": "eth_getLogs",
   >   "params": [
   >     {
   >       "topics": []
   >     }
   >   ]
   > }
[2022/10/17 04:46:24.650] - eth_subscribe
[2022/10/17 04:46:24.651] -    > {
   >   "jsonrpc": "2.0",
   >   "id": 14,
   >   "method": "eth_subscribe",
   >   "params": [
   >     "logs",
   >     {
   >       "topics": []
   >     }
   >   ]
   > }
[2022/10/17 04:46:24.651] -  <   {
 <     "id": 12,
 <     "jsonrpc": "2.0",
 <     "result": "0x3"
 <   }
[2022/10/17 04:46:24.654] -  <   {
 <     "id": 13,
 <     "jsonrpc": "2.0",
 <     "result": []
 <   }
[2022/10/17 04:46:24.656] -  <   {
 <     "id": 14,
 <     "jsonrpc": "2.0",
 <     "result": "0x4"
 <   }
[2022/10/17 04:46:24.705] - eth_blockNumber
[2022/10/17 04:46:24.705] -    > {
   >   "jsonrpc": "2.0",
   >   "id": 93,
   >   "method": "eth_blockNumber",
   >   "params": [],
   >   "internal": true
   > }
[2022/10/17 04:46:24.706] - eth_accounts
[2022/10/17 04:46:24.706] -    > {
   >   "jsonrpc": "2.0",
   >   "id": 94,
   >   "method": "eth_accounts",
   >   "params": [],
   >   "internal": true
   > }
[2022/10/17 04:46:24.706] - eth_gasPrice
[2022/10/17 04:46:24.706] -    > {
   >   "jsonrpc": "2.0",
   >   "id": 95,
   >   "method": "eth_gasPrice",
   >   "params": [],
   >   "internal": true
   > }
[2022/10/17 04:46:24.707] -  <   {
 <     "id": 93,
 <     "jsonrpc": "2.0",
 <     "result": "0x0"
 <   }
[2022/10/17 04:46:24.707] - eth_getBlockByNumber
[2022/10/17 04:46:24.707] -    > {
   >   "jsonrpc": "2.0",
   >   "id": 96,
   >   "method": "eth_getBlockByNumber",
   >   "params": [
   >     "latest",
   >     false
   >   ],
   >   "internal": true
   > }
[2022/10/17 04:46:24.708] - eth_subscribe
[2022/10/17 04:46:24.708] -    > {
   >   "jsonrpc": "2.0",
   >   "id": 97,
   >   "method": "eth_subscribe",
   >   "params": [
   >     "newHeads"
   >   ],
   >   "internal": true
   > }
[2022/10/17 04:46:24.708] -  <   {
 <     "id": 94,
 <     "jsonrpc": "2.0",
 <     "result": [
 <       "0xa603370e129252fc1ecfaa2fb55a65cbe6f03601",
 <       "0xdbd2c3fd451e4abf789868e69c217094bac60d7a",
 <       "0xbe4eea92ec85c68eec783ce25950ee4ae95c1eae",
 <       "0x1d17704a13d8735498cfc46f7d3e3eb391d6b327",
 <       "0x7edd9949a01e5259c420b6900e0bc212e33a2e0a",
 <       "0x8ff58be62a491edfb5ab0f062b9a54f7edb969a6",
 <       "0x0ce09d179d79eaaf7625901b8768f2425043f9c9",
 <       "0x09dba8b4fcffb890b8d52036d26205bb60f9e4fa",
 <       "0x22f82461a98f49115cc94885c627a19999504a26",
 <       "0x01309ec44a22d26411564142c1ff354349ee8bce"
 <     ]
 <   }
[2022/10/17 04:46:24.710] -  <   {
 <     "id": 95,
 <     "jsonrpc": "2.0",
 <     "result": "0x4a817c800"
 <   }
[2022/10/17 04:46:24.712] -  <   {
 <     "id": 96,
 <     "jsonrpc": "2.0",
 <     "result": {
 <       "number": "0x0",
 <       "hash": "0x2652abcfe1e3ec75044f7dc7ba041a803fc1bd8706bd4c4df9b2636a7eee95b2",
 <       "parentHash": "0x0000000000000000000000000000000000000000000000000000000000000000",
 <       "mixHash": "0x0000000000000000000000000000000000000000000000000000000000000000",
 <       "nonce": "0x0000000000000000",
 <       "sha3Uncles": "0x1dcc4de8dec75d7aab85b567b6ccd41ad312451b948a7413f0a142fd40d49347",
 <       "logsBloom": "0x00000000000000000000000000000000000000000000000000000000000000000000000000000000000000000000000000000000000000000000000000000000000000000000000000000000000000000000000000000000000000000000000000000000000000000000000000000000000000000000000000000000000000000000000000000000000000000000000000000000000000000000000000000000000000000000000000000000000000000000000000000000000000000000000000000000000000000000000000000000000000000000000000000000000000000000000000000000000000000000000000000000000000000000000000000000",
 <       "transactionsRoot": "0x56e81f171bcc55a6ff8345e692c0f86e5b48e01b996cadc001622fb5e363b421",
 <       "stateRoot": "0x11a847486147521540e6d4d4a32b4bc9d749401f88b4dd96c1d8457a407a4fc8",
 <       "receiptsRoot": "0x56e81f171bcc55a6ff8345e692c0f86e5b48e01b996cadc001622fb5e363b421",
 <       "miner": "0x0000000000000000000000000000000000000000",
 <       "difficulty": "0x0",
 <       "totalDifficulty": "0x0",
 <       "extraData": "0x",
 <       "size": "0x3e8",
 <       "gasLimit": "0x1",
 <       "gasUsed": "0x0",
 <       "timestamp": "0x634d2470",
 <       "transactions": [],
 <       "uncles": []
 <     }
 <   }
[2022/10/17 04:46:24.714] -  <   {
 <     "id": 97,
 <     "jsonrpc": "2.0",
 <     "result": "0x5"
 <   }
[2022/10/17 04:46:24.727] - eth_accounts
[2022/10/17 04:46:24.727] -    > {
   >   "jsonrpc": "2.0",
   >   "id": 103,
   >   "method": "eth_accounts",
   >   "params": [],
   >   "internal": true
   > }
[2022/10/17 04:46:24.729] -  <   {
 <     "id": 103,
 <     "jsonrpc": "2.0",
 <     "result": [
 <       "0xa603370e129252fc1ecfaa2fb55a65cbe6f03601",
 <       "0xdbd2c3fd451e4abf789868e69c217094bac60d7a",
 <       "0xbe4eea92ec85c68eec783ce25950ee4ae95c1eae",
 <       "0x1d17704a13d8735498cfc46f7d3e3eb391d6b327",
 <       "0x7edd9949a01e5259c420b6900e0bc212e33a2e0a",
 <       "0x8ff58be62a491edfb5ab0f062b9a54f7edb969a6",
 <       "0x0ce09d179d79eaaf7625901b8768f2425043f9c9",
 <       "0x09dba8b4fcffb890b8d52036d26205bb60f9e4fa",
 <       "0x22f82461a98f49115cc94885c627a19999504a26",
 <       "0x01309ec44a22d26411564142c1ff354349ee8bce"
 <     ]
 <   }
[2022/10/17 04:46:24.739] - eth_getBalance
[2022/10/17 04:46:24.740] -    > {
   >   "jsonrpc": "2.0",
   >   "id": 104,
   >   "method": "eth_getBalance",
   >   "params": [
   >     "0xa603370e129252fc1ecfaa2fb55a65cbe6f03601",
   >     "latest"
   >   ],
   >   "internal": true
   > }
[2022/10/17 04:46:24.742] - eth_getTransactionCount
[2022/10/17 04:46:24.743] -    > {
   >   "jsonrpc": "2.0",
   >   "id": 105,
   >   "method": "eth_getTransactionCount",
   >   "params": [
   >     "0xa603370e129252fc1ecfaa2fb55a65cbe6f03601",
   >     "latest"
   >   ],
   >   "internal": true
   > }
[2022/10/17 04:46:24.744] -  <   {
 <     "id": 104,
 <     "jsonrpc": "2.0",
 <     "result": "0xc9f2c9cd04674edea40000000"
 <   }
[2022/10/17 04:46:24.746] -  <   {
 <     "id": 105,
 <     "jsonrpc": "2.0",
 <     "result": "0x0"
 <   }
[2022/10/17 04:46:24.746] - eth_getBalance
[2022/10/17 04:46:24.747] -    > {
   >   "jsonrpc": "2.0",
   >   "id": 106,
   >   "method": "eth_getBalance",
   >   "params": [
   >     "0xdbd2c3fd451e4abf789868e69c217094bac60d7a",
   >     "latest"
   >   ],
   >   "internal": true
   > }
[2022/10/17 04:46:24.749] -  <   {
 <     "id": 106,
 <     "jsonrpc": "2.0",
 <     "result": "0xc9f2c9cd04674edea40000000"
 <   }
[2022/10/17 04:46:24.750] - eth_getTransactionCount
[2022/10/17 04:46:24.751] -    > {
   >   "jsonrpc": "2.0",
   >   "id": 107,
   >   "method": "eth_getTransactionCount",
   >   "params": [
   >     "0xdbd2c3fd451e4abf789868e69c217094bac60d7a",
   >     "latest"
   >   ],
   >   "internal": true
   > }
[2022/10/17 04:46:24.753] -  <   {
 <     "id": 107,
 <     "jsonrpc": "2.0",
 <     "result": "0x0"
 <   }
[2022/10/17 04:46:24.754] - eth_getBalance
[2022/10/17 04:46:24.754] -    > {
   >   "jsonrpc": "2.0",
   >   "id": 108,
   >   "method": "eth_getBalance",
   >   "params": [
   >     "0xbe4eea92ec85c68eec783ce25950ee4ae95c1eae",
   >     "latest"
   >   ],
   >   "internal": true
   > }
[2022/10/17 04:46:24.757] -  <   {
 <     "id": 108,
 <     "jsonrpc": "2.0",
 <     "result": "0xc9f2c9cd04674edea40000000"
 <   }
[2022/10/17 04:46:24.765] - eth_getTransactionCount
[2022/10/17 04:46:24.766] -    > {
   >   "jsonrpc": "2.0",
   >   "id": 109,
   >   "method": "eth_getTransactionCount",
   >   "params": [
   >     "0xbe4eea92ec85c68eec783ce25950ee4ae95c1eae",
   >     "latest"
   >   ],
   >   "internal": true
   > }
[2022/10/17 04:46:24.766] - eth_getBalance
[2022/10/17 04:46:24.766] -    > {
   >   "jsonrpc": "2.0",
   >   "id": 110,
   >   "method": "eth_getBalance",
   >   "params": [
   >     "0x1d17704a13d8735498cfc46f7d3e3eb391d6b327",
   >     "latest"
   >   ],
   >   "internal": true
   > }
[2022/10/17 04:46:24.766] - eth_getTransactionCount
[2022/10/17 04:46:24.767] -    > {
   >   "jsonrpc": "2.0",
   >   "id": 111,
   >   "method": "eth_getTransactionCount",
   >   "params": [
   >     "0x1d17704a13d8735498cfc46f7d3e3eb391d6b327",
   >     "latest"
   >   ],
   >   "internal": true
   > }
[2022/10/17 04:46:24.767] - eth_getBalance
[2022/10/17 04:46:24.767] -    > {
   >   "jsonrpc": "2.0",
   >   "id": 112,
   >   "method": "eth_getBalance",
   >   "params": [
   >     "0x7edd9949a01e5259c420b6900e0bc212e33a2e0a",
   >     "latest"
   >   ],
   >   "internal": true
   > }
[2022/10/17 04:46:24.768] -  <   {
 <     "id": 109,
 <     "jsonrpc": "2.0",
 <     "result": "0x0"
 <   }
[2022/10/17 04:46:24.769] - eth_getTransactionCount
[2022/10/17 04:46:24.769] -    > {
   >   "jsonrpc": "2.0",
   >   "id": 113,
   >   "method": "eth_getTransactionCount",
   >   "params": [
   >     "0x7edd9949a01e5259c420b6900e0bc212e33a2e0a",
   >     "latest"
   >   ],
   >   "internal": true
   > }
[2022/10/17 04:46:24.770] -  <   {
 <     "id": 110,
 <     "jsonrpc": "2.0",
 <     "result": "0xc9f2c9cd04674edea40000000"
 <   }
[2022/10/17 04:46:24.771] - eth_getBalance
[2022/10/17 04:46:24.771] -    > {
   >   "jsonrpc": "2.0",
   >   "id": 114,
   >   "method": "eth_getBalance",
   >   "params": [
   >     "0x8ff58be62a491edfb5ab0f062b9a54f7edb969a6",
   >     "latest"
   >   ],
   >   "internal": true
   > }
[2022/10/17 04:46:24.772] -  <   {
 <     "id": 111,
 <     "jsonrpc": "2.0",
 <     "result": "0x0"
 <   }
[2022/10/17 04:46:24.773] - eth_getTransactionCount
[2022/10/17 04:46:24.773] -    > {
   >   "jsonrpc": "2.0",
   >   "id": 115,
   >   "method": "eth_getTransactionCount",
   >   "params": [
   >     "0x8ff58be62a491edfb5ab0f062b9a54f7edb969a6",
   >     "latest"
   >   ],
   >   "internal": true
   > }
[2022/10/17 04:46:24.774] -  <   {
 <     "id": 112,
 <     "jsonrpc": "2.0",
 <     "result": "0xc9f2c9cd04674edea40000000"
 <   }
[2022/10/17 04:46:24.777] -  <   {
 <     "id": 113,
 <     "jsonrpc": "2.0",
 <     "result": "0x0"
 <   }
[2022/10/17 04:46:24.777] - eth_getBalance
[2022/10/17 04:46:24.777] -    > {
   >   "jsonrpc": "2.0",
   >   "id": 116,
   >   "method": "eth_getBalance",
   >   "params": [
   >     "0x0ce09d179d79eaaf7625901b8768f2425043f9c9",
   >     "latest"
   >   ],
   >   "internal": true
   > }
[2022/10/17 04:46:24.779] -  <   {
 <     "id": 114,
 <     "jsonrpc": "2.0",
 <     "result": "0xc9f2c9cd04674edea40000000"
 <   }
[2022/10/17 04:46:24.780] - eth_getTransactionCount
[2022/10/17 04:46:24.780] -    > {
   >   "jsonrpc": "2.0",
   >   "id": 117,
   >   "method": "eth_getTransactionCount",
   >   "params": [
   >     "0x0ce09d179d79eaaf7625901b8768f2425043f9c9",
   >     "latest"
   >   ],
   >   "internal": true
   > }
[2022/10/17 04:46:24.782] -  <   {
 <     "id": 115,
 <     "jsonrpc": "2.0",
 <     "result": "0x0"
 <   }
[2022/10/17 04:46:24.783] - eth_getBalance
[2022/10/17 04:46:24.783] -    > {
   >   "jsonrpc": "2.0",
   >   "id": 118,
   >   "method": "eth_getBalance",
   >   "params": [
   >     "0x09dba8b4fcffb890b8d52036d26205bb60f9e4fa",
   >     "latest"
   >   ],
   >   "internal": true
   > }
[2022/10/17 04:46:24.786] -  <   {
 <     "id": 116,
 <     "jsonrpc": "2.0",
 <     "result": "0xc9f2c9cd04674edea40000000"
 <   }
[2022/10/17 04:46:24.789] -  <   {
 <     "id": 117,
 <     "jsonrpc": "2.0",
 <     "result": "0x0"
 <   }
[2022/10/17 04:46:24.789] - eth_getTransactionCount
[2022/10/17 04:46:24.790] -    > {
   >   "jsonrpc": "2.0",
   >   "id": 119,
   >   "method": "eth_getTransactionCount",
   >   "params": [
   >     "0x09dba8b4fcffb890b8d52036d26205bb60f9e4fa",
   >     "latest"
   >   ],
   >   "internal": true
   > }
[2022/10/17 04:46:24.791] - eth_getBalance
[2022/10/17 04:46:24.791] -    > {
   >   "jsonrpc": "2.0",
   >   "id": 120,
   >   "method": "eth_getBalance",
   >   "params": [
   >     "0x22f82461a98f49115cc94885c627a19999504a26",
   >     "latest"
   >   ],
   >   "internal": true
   > }
[2022/10/17 04:46:24.793] -  <   {
 <     "id": 118,
 <     "jsonrpc": "2.0",
 <     "result": "0xc9f2c9cd04674edea40000000"
 <   }
[2022/10/17 04:46:24.794] - eth_getTransactionCount
[2022/10/17 04:46:24.794] -    > {
   >   "jsonrpc": "2.0",
   >   "id": 121,
   >   "method": "eth_getTransactionCount",
   >   "params": [
   >     "0x22f82461a98f49115cc94885c627a19999504a26",
   >     "latest"
   >   ],
   >   "internal": true
   > }
[2022/10/17 04:46:24.796] -  <   {
 <     "id": 119,
 <     "jsonrpc": "2.0",
 <     "result": "0x0"
 <   }
[2022/10/17 04:46:24.797] - eth_getBalance
[2022/10/17 04:46:24.797] -    > {
   >   "jsonrpc": "2.0",
   >   "id": 122,
   >   "method": "eth_getBalance",
   >   "params": [
   >     "0x01309ec44a22d26411564142c1ff354349ee8bce",
   >     "latest"
   >   ],
   >   "internal": true
   > }
[2022/10/17 04:46:24.798] - eth_getTransactionCount
[2022/10/17 04:46:24.798] -    > {
   >   "jsonrpc": "2.0",
   >   "id": 123,
   >   "method": "eth_getTransactionCount",
   >   "params": [
   >     "0x01309ec44a22d26411564142c1ff354349ee8bce",
   >     "latest"
   >   ],
   >   "internal": true
   > }
[2022/10/17 04:46:24.800] -  <   {
 <     "id": 120,
 <     "jsonrpc": "2.0",
 <     "result": "0xc9f2c9cd04674edea40000000"
 <   }
[2022/10/17 04:46:24.802] - eth_blockNumber
[2022/10/17 04:46:24.802] -    > {
   >   "jsonrpc": "2.0",
   >   "id": 98,
   >   "method": "eth_blockNumber",
   >   "params": [],
   >   "internal": true
   > }
[2022/10/17 04:46:24.803] - eth_accounts
[2022/10/17 04:46:24.804] -    > {
   >   "jsonrpc": "2.0",
   >   "id": 99,
   >   "method": "eth_accounts",
   >   "params": [],
   >   "internal": true
   > }
[2022/10/17 04:46:24.805] -  <   {
 <     "id": 121,
 <     "jsonrpc": "2.0",
 <     "result": "0x0"
 <   }
[2022/10/17 04:46:24.805] - eth_gasPrice
[2022/10/17 04:46:24.805] -    > {
   >   "jsonrpc": "2.0",
   >   "id": 100,
   >   "method": "eth_gasPrice",
   >   "params": [],
   >   "internal": true
   > }
[2022/10/17 04:46:24.808] -  <   {
 <     "id": 122,
 <     "jsonrpc": "2.0",
 <     "result": "0xc9f2c9cd04674edea40000000"
 <   }
[2022/10/17 04:46:24.810] -  <   {
 <     "id": 123,
 <     "jsonrpc": "2.0",
 <     "result": "0x0"
 <   }
[2022/10/17 04:46:24.812] -  <   {
 <     "id": 98,
 <     "jsonrpc": "2.0",
 <     "result": "0x0"
 <   }
[2022/10/17 04:46:24.814] -  <   {
 <     "id": 99,
 <     "jsonrpc": "2.0",
 <     "result": [
 <       "0xa603370e129252fc1ecfaa2fb55a65cbe6f03601",
 <       "0xdbd2c3fd451e4abf789868e69c217094bac60d7a",
 <       "0xbe4eea92ec85c68eec783ce25950ee4ae95c1eae",
 <       "0x1d17704a13d8735498cfc46f7d3e3eb391d6b327",
 <       "0x7edd9949a01e5259c420b6900e0bc212e33a2e0a",
 <       "0x8ff58be62a491edfb5ab0f062b9a54f7edb969a6",
 <       "0x0ce09d179d79eaaf7625901b8768f2425043f9c9",
 <       "0x09dba8b4fcffb890b8d52036d26205bb60f9e4fa",
 <       "0x22f82461a98f49115cc94885c627a19999504a26",
 <       "0x01309ec44a22d26411564142c1ff354349ee8bce"
 <     ]
 <   }
[2022/10/17 04:46:24.818] - eth_getBlockByNumber
[2022/10/17 04:46:24.819] -    > {
   >   "jsonrpc": "2.0",
   >   "id": 101,
   >   "method": "eth_getBlockByNumber",
   >   "params": [
   >     "latest",
   >     false
   >   ],
   >   "internal": true
   > }
[2022/10/17 04:46:24.819] - eth_subscribe
[2022/10/17 04:46:24.819] -    > {
   >   "jsonrpc": "2.0",
   >   "id": 102,
   >   "method": "eth_subscribe",
   >   "params": [
   >     "newHeads"
   >   ],
   >   "internal": true
   > }
[2022/10/17 04:46:24.821] -  <   {
 <     "id": 100,
 <     "jsonrpc": "2.0",
 <     "result": "0x4a817c800"
 <   }
[2022/10/17 04:46:24.823] -  <   {
 <     "id": 101,
 <     "jsonrpc": "2.0",
 <     "result": {
 <       "number": "0x0",
 <       "hash": "0x2652abcfe1e3ec75044f7dc7ba041a803fc1bd8706bd4c4df9b2636a7eee95b2",
 <       "parentHash": "0x0000000000000000000000000000000000000000000000000000000000000000",
 <       "mixHash": "0x0000000000000000000000000000000000000000000000000000000000000000",
 <       "nonce": "0x0000000000000000",
 <       "sha3Uncles": "0x1dcc4de8dec75d7aab85b567b6ccd41ad312451b948a7413f0a142fd40d49347",
 <       "logsBloom": "0x00000000000000000000000000000000000000000000000000000000000000000000000000000000000000000000000000000000000000000000000000000000000000000000000000000000000000000000000000000000000000000000000000000000000000000000000000000000000000000000000000000000000000000000000000000000000000000000000000000000000000000000000000000000000000000000000000000000000000000000000000000000000000000000000000000000000000000000000000000000000000000000000000000000000000000000000000000000000000000000000000000000000000000000000000000000",
 <       "transactionsRoot": "0x56e81f171bcc55a6ff8345e692c0f86e5b48e01b996cadc001622fb5e363b421",
 <       "stateRoot": "0x11a847486147521540e6d4d4a32b4bc9d749401f88b4dd96c1d8457a407a4fc8",
 <       "receiptsRoot": "0x56e81f171bcc55a6ff8345e692c0f86e5b48e01b996cadc001622fb5e363b421",
 <       "miner": "0x0000000000000000000000000000000000000000",
 <       "difficulty": "0x0",
 <       "totalDifficulty": "0x0",
 <       "extraData": "0x",
 <       "size": "0x3e8",
 <       "gasLimit": "0x1",
 <       "gasUsed": "0x0",
 <       "timestamp": "0x634d2470",
 <       "transactions": [],
 <       "uncles": []
 <     }
 <   }
[2022/10/17 04:46:24.825] -  <   {
 <     "id": 102,
 <     "jsonrpc": "2.0",
 <     "result": "0x6"
 <   }
[2022/10/17 04:46:24.845] - eth_getTransactionCount
[2022/10/17 04:46:24.846] -    > {
   >   "jsonrpc": "2.0",
   >   "id": 125,
   >   "method": "eth_getTransactionCount",
   >   "params": [
   >     "0xa603370e129252fc1ecfaa2fb55a65cbe6f03601",
   >     "latest"
   >   ],
   >   "internal": true
   > }
[2022/10/17 04:46:24.848] -  <   {
 <     "id": 125,
 <     "jsonrpc": "2.0",
 <     "result": "0x0"
 <   }
[2022/10/17 04:46:24.849] - eth_getBalance
[2022/10/17 04:46:24.849] -    > {
   >   "jsonrpc": "2.0",
   >   "id": 126,
   >   "method": "eth_getBalance",
   >   "params": [
   >     "0xdbd2c3fd451e4abf789868e69c217094bac60d7a",
   >     "latest"
   >   ],
   >   "internal": true
   > }
[2022/10/17 04:46:24.853] -  <   {
 <     "id": 126,
 <     "jsonrpc": "2.0",
 <     "result": "0xc9f2c9cd04674edea40000000"
 <   }
[2022/10/17 04:46:24.853] - eth_getTransactionCount
[2022/10/17 04:46:24.854] -    > {
   >   "jsonrpc": "2.0",
   >   "id": 127,
   >   "method": "eth_getTransactionCount",
   >   "params": [
   >     "0xdbd2c3fd451e4abf789868e69c217094bac60d7a",
   >     "latest"
   >   ],
   >   "internal": true
   > }
[2022/10/17 04:46:24.854] - eth_getBalance
[2022/10/17 04:46:24.855] -    > {
   >   "jsonrpc": "2.0",
   >   "id": 128,
   >   "method": "eth_getBalance",
   >   "params": [
   >     "0xbe4eea92ec85c68eec783ce25950ee4ae95c1eae",
   >     "latest"
   >   ],
   >   "internal": true
   > }
[2022/10/17 04:46:24.857] -  <   {
 <     "id": 127,
 <     "jsonrpc": "2.0",
 <     "result": "0x0"
 <   }
[2022/10/17 04:46:24.857] - eth_getTransactionCount
[2022/10/17 04:46:24.857] -    > {
   >   "jsonrpc": "2.0",
   >   "id": 129,
   >   "method": "eth_getTransactionCount",
   >   "params": [
   >     "0xbe4eea92ec85c68eec783ce25950ee4ae95c1eae",
   >     "latest"
   >   ],
   >   "internal": true
   > }
[2022/10/17 04:46:24.860] -  <   {
 <     "id": 128,
 <     "jsonrpc": "2.0",
 <     "result": "0xc9f2c9cd04674edea40000000"
 <   }
[2022/10/17 04:46:24.860] - eth_getBalance
[2022/10/17 04:46:24.860] -    > {
   >   "jsonrpc": "2.0",
   >   "id": 130,
   >   "method": "eth_getBalance",
   >   "params": [
   >     "0x1d17704a13d8735498cfc46f7d3e3eb391d6b327",
   >     "latest"
   >   ],
   >   "internal": true
   > }
[2022/10/17 04:46:24.863] -  <   {
 <     "id": 129,
 <     "jsonrpc": "2.0",
 <     "result": "0x0"
 <   }
[2022/10/17 04:46:24.863] - eth_getTransactionCount
[2022/10/17 04:46:24.863] -    > {
   >   "jsonrpc": "2.0",
   >   "id": 131,
   >   "method": "eth_getTransactionCount",
   >   "params": [
   >     "0x1d17704a13d8735498cfc46f7d3e3eb391d6b327",
   >     "latest"
   >   ],
   >   "internal": true
   > }
[2022/10/17 04:46:24.864] - eth_getBalance
[2022/10/17 04:46:24.865] -    > {
   >   "jsonrpc": "2.0",
   >   "id": 132,
   >   "method": "eth_getBalance",
   >   "params": [
   >     "0x7edd9949a01e5259c420b6900e0bc212e33a2e0a",
   >     "latest"
   >   ],
   >   "internal": true
   > }
[2022/10/17 04:46:24.866] -  <   {
 <     "id": 130,
 <     "jsonrpc": "2.0",
 <     "result": "0xc9f2c9cd04674edea40000000"
 <   }
[2022/10/17 04:46:24.866] - eth_getTransactionCount
[2022/10/17 04:46:24.867] -    > {
   >   "jsonrpc": "2.0",
   >   "id": 133,
   >   "method": "eth_getTransactionCount",
   >   "params": [
   >     "0x7edd9949a01e5259c420b6900e0bc212e33a2e0a",
   >     "latest"
   >   ],
   >   "internal": true
   > }
[2022/10/17 04:46:24.868] -  <   {
 <     "id": 131,
 <     "jsonrpc": "2.0",
 <     "result": "0x0"
 <   }
[2022/10/17 04:46:24.871] -  <   {
 <     "id": 132,
 <     "jsonrpc": "2.0",
 <     "result": "0xc9f2c9cd04674edea40000000"
 <   }
[2022/10/17 04:46:24.871] - eth_getBalance
[2022/10/17 04:46:24.871] -    > {
   >   "jsonrpc": "2.0",
   >   "id": 134,
   >   "method": "eth_getBalance",
   >   "params": [
   >     "0x8ff58be62a491edfb5ab0f062b9a54f7edb969a6",
   >     "latest"
   >   ],
   >   "internal": true
   > }
[2022/10/17 04:46:24.872] - eth_getTransactionCount
[2022/10/17 04:46:24.873] -    > {
   >   "jsonrpc": "2.0",
   >   "id": 135,
   >   "method": "eth_getTransactionCount",
   >   "params": [
   >     "0x8ff58be62a491edfb5ab0f062b9a54f7edb969a6",
   >     "latest"
   >   ],
   >   "internal": true
   > }
[2022/10/17 04:46:24.873] -  <   {
 <     "id": 133,
 <     "jsonrpc": "2.0",
 <     "result": "0x0"
 <   }
[2022/10/17 04:46:24.875] - eth_getBalance
[2022/10/17 04:46:24.875] -    > {
   >   "jsonrpc": "2.0",
   >   "id": 136,
   >   "method": "eth_getBalance",
   >   "params": [
   >     "0x0ce09d179d79eaaf7625901b8768f2425043f9c9",
   >     "latest"
   >   ],
   >   "internal": true
   > }
[2022/10/17 04:46:24.876] -  <   {
 <     "id": 134,
 <     "jsonrpc": "2.0",
 <     "result": "0xc9f2c9cd04674edea40000000"
 <   }
[2022/10/17 04:46:24.877] - eth_getTransactionCount
[2022/10/17 04:46:24.877] -    > {
   >   "jsonrpc": "2.0",
   >   "id": 137,
   >   "method": "eth_getTransactionCount",
   >   "params": [
   >     "0x0ce09d179d79eaaf7625901b8768f2425043f9c9",
   >     "latest"
   >   ],
   >   "internal": true
   > }
[2022/10/17 04:46:24.880] -  <   {
 <     "id": 135,
 <     "jsonrpc": "2.0",
 <     "result": "0x0"
 <   }
[2022/10/17 04:46:24.880] - eth_getBalance
[2022/10/17 04:46:24.881] -    > {
   >   "jsonrpc": "2.0",
   >   "id": 138,
   >   "method": "eth_getBalance",
   >   "params": [
   >     "0x09dba8b4fcffb890b8d52036d26205bb60f9e4fa",
   >     "latest"
   >   ],
   >   "internal": true
   > }
[2022/10/17 04:46:24.882] -  <   {
 <     "id": 136,
 <     "jsonrpc": "2.0",
 <     "result": "0xc9f2c9cd04674edea40000000"
 <   }
[2022/10/17 04:46:24.883] - eth_getTransactionCount
[2022/10/17 04:46:24.883] -    > {
   >   "jsonrpc": "2.0",
   >   "id": 139,
   >   "method": "eth_getTransactionCount",
   >   "params": [
   >     "0x09dba8b4fcffb890b8d52036d26205bb60f9e4fa",
   >     "latest"
   >   ],
   >   "internal": true
   > }
[2022/10/17 04:46:24.884] -  <   {
 <     "id": 137,
 <     "jsonrpc": "2.0",
 <     "result": "0x0"
 <   }
[2022/10/17 04:46:24.885] - eth_getBalance
[2022/10/17 04:46:24.886] -    > {
   >   "jsonrpc": "2.0",
   >   "id": 140,
   >   "method": "eth_getBalance",
   >   "params": [
   >     "0x22f82461a98f49115cc94885c627a19999504a26",
   >     "latest"
   >   ],
   >   "internal": true
   > }
[2022/10/17 04:46:24.887] -  <   {
 <     "id": 138,
 <     "jsonrpc": "2.0",
 <     "result": "0xc9f2c9cd04674edea40000000"
 <   }
[2022/10/17 04:46:24.888] - eth_getTransactionCount
[2022/10/17 04:46:24.889] -    > {
   >   "jsonrpc": "2.0",
   >   "id": 141,
   >   "method": "eth_getTransactionCount",
   >   "params": [
   >     "0x22f82461a98f49115cc94885c627a19999504a26",
   >     "latest"
   >   ],
   >   "internal": true
   > }
[2022/10/17 04:46:24.890] - eth_getBalance
[2022/10/17 04:46:24.890] -    > {
   >   "jsonrpc": "2.0",
   >   "id": 142,
   >   "method": "eth_getBalance",
   >   "params": [
   >     "0x01309ec44a22d26411564142c1ff354349ee8bce",
   >     "latest"
   >   ],
   >   "internal": true
   > }
[2022/10/17 04:46:24.893] -  <   {
 <     "id": 139,
 <     "jsonrpc": "2.0",
 <     "result": "0x0"
 <   }
[2022/10/17 04:46:24.901] - eth_getTransactionCount
[2022/10/17 04:46:24.902] -    > {
   >   "jsonrpc": "2.0",
   >   "id": 143,
   >   "method": "eth_getTransactionCount",
   >   "params": [
   >     "0x01309ec44a22d26411564142c1ff354349ee8bce",
   >     "latest"
   >   ],
   >   "internal": true
   > }
[2022/10/17 04:46:24.904] -  <   {
 <     "id": 140,
 <     "jsonrpc": "2.0",
 <     "result": "0xc9f2c9cd04674edea40000000"
 <   }
[2022/10/17 04:46:24.906] -  <   {
 <     "id": 141,
 <     "jsonrpc": "2.0",
 <     "result": "0x0"
 <   }
[2022/10/17 04:46:24.942] -  <   {
 <     "id": 142,
 <     "jsonrpc": "2.0",
 <     "result": "0xc9f2c9cd04674edea40000000"
 <   }
[2022/10/17 04:46:24.944] -  <   {
 <     "id": 143,
 <     "jsonrpc": "2.0",
 <     "result": "0x0"
 <   }
[2022/10/17 04:46:25.052] - eth_getBalance
[2022/10/17 04:46:25.053] -    > {
   >   "jsonrpc": "2.0",
   >   "id": 145,
   >   "method": "eth_getBalance",
   >   "params": [
   >     "0xa603370e129252fc1ecfaa2fb55a65cbe6f03601",
   >     "latest"
   >   ],
   >   "internal": true
   > }
[2022/10/17 04:46:25.054] - eth_getTransactionCount
[2022/10/17 04:46:25.055] -    > {
   >   "jsonrpc": "2.0",
   >   "id": 146,
   >   "method": "eth_getTransactionCount",
   >   "params": [
   >     "0xa603370e129252fc1ecfaa2fb55a65cbe6f03601",
   >     "latest"
   >   ],
   >   "internal": true
   > }
[2022/10/17 04:46:25.056] -  <   {
 <     "id": 145,
 <     "jsonrpc": "2.0",
 <     "result": "0xc9f2c9cd04674edea40000000"
 <   }
[2022/10/17 04:46:25.057] - eth_getBalance
[2022/10/17 04:46:25.057] -    > {
   >   "jsonrpc": "2.0",
   >   "id": 147,
   >   "method": "eth_getBalance",
   >   "params": [
   >     "0xdbd2c3fd451e4abf789868e69c217094bac60d7a",
   >     "latest"
   >   ],
   >   "internal": true
   > }
[2022/10/17 04:46:25.058] -  <   {
 <     "id": 146,
 <     "jsonrpc": "2.0",
 <     "result": "0x0"
 <   }
[2022/10/17 04:46:25.061] -  <   {
 <     "id": 147,
 <     "jsonrpc": "2.0",
 <     "result": "0xc9f2c9cd04674edea40000000"
 <   }
[2022/10/17 04:46:25.086] - eth_getTransactionCount
[2022/10/17 04:46:25.086] -    > {
   >   "jsonrpc": "2.0",
   >   "id": 148,
   >   "method": "eth_getTransactionCount",
   >   "params": [
   >     "0xdbd2c3fd451e4abf789868e69c217094bac60d7a",
   >     "latest"
   >   ],
   >   "internal": true
   > }
[2022/10/17 04:46:25.089] -  <   {
 <     "id": 148,
 <     "jsonrpc": "2.0",
 <     "result": "0x0"
 <   }
[2022/10/17 04:46:25.090] - eth_getBalance
[2022/10/17 04:46:25.091] -    > {
   >   "jsonrpc": "2.0",
   >   "id": 149,
   >   "method": "eth_getBalance",
   >   "params": [
   >     "0xbe4eea92ec85c68eec783ce25950ee4ae95c1eae",
   >     "latest"
   >   ],
   >   "internal": true
   > }
[2022/10/17 04:46:25.093] -  <   {
 <     "id": 149,
 <     "jsonrpc": "2.0",
 <     "result": "0xc9f2c9cd04674edea40000000"
 <   }
[2022/10/17 04:46:25.093] - eth_getTransactionCount
[2022/10/17 04:46:25.094] -    > {
   >   "jsonrpc": "2.0",
   >   "id": 150,
   >   "method": "eth_getTransactionCount",
   >   "params": [
   >     "0xbe4eea92ec85c68eec783ce25950ee4ae95c1eae",
   >     "latest"
   >   ],
   >   "internal": true
   > }
[2022/10/17 04:46:25.096] -  <   {
 <     "id": 150,
 <     "jsonrpc": "2.0",
 <     "result": "0x0"
 <   }
[2022/10/17 04:46:25.097] - eth_getBalance
[2022/10/17 04:46:25.097] -    > {
   >   "jsonrpc": "2.0",
   >   "id": 151,
   >   "method": "eth_getBalance",
   >   "params": [
   >     "0x1d17704a13d8735498cfc46f7d3e3eb391d6b327",
   >     "latest"
   >   ],
   >   "internal": true
   > }
[2022/10/17 04:46:25.099] -  <   {
 <     "id": 151,
 <     "jsonrpc": "2.0",
 <     "result": "0xc9f2c9cd04674edea40000000"
 <   }
[2022/10/17 04:46:25.100] - eth_getTransactionCount
[2022/10/17 04:46:25.100] -    > {
   >   "jsonrpc": "2.0",
   >   "id": 152,
   >   "method": "eth_getTransactionCount",
   >   "params": [
   >     "0x1d17704a13d8735498cfc46f7d3e3eb391d6b327",
   >     "latest"
   >   ],
   >   "internal": true
   > }
[2022/10/17 04:46:25.103] -  <   {
 <     "id": 152,
 <     "jsonrpc": "2.0",
 <     "result": "0x0"
 <   }
[2022/10/17 04:46:25.103] - eth_getBalance
[2022/10/17 04:46:25.103] -    > {
   >   "jsonrpc": "2.0",
   >   "id": 153,
   >   "method": "eth_getBalance",
   >   "params": [
   >     "0x7edd9949a01e5259c420b6900e0bc212e33a2e0a",
   >     "latest"
   >   ],
   >   "internal": true
   > }
[2022/10/17 04:46:25.106] -  <   {
 <     "id": 153,
 <     "jsonrpc": "2.0",
 <     "result": "0xc9f2c9cd04674edea40000000"
 <   }
[2022/10/17 04:46:25.107] - eth_getTransactionCount
[2022/10/17 04:46:25.108] -    > {
   >   "jsonrpc": "2.0",
   >   "id": 154,
   >   "method": "eth_getTransactionCount",
   >   "params": [
   >     "0x7edd9949a01e5259c420b6900e0bc212e33a2e0a",
   >     "latest"
   >   ],
   >   "internal": true
   > }
[2022/10/17 04:46:25.110] -  <   {
 <     "id": 154,
 <     "jsonrpc": "2.0",
 <     "result": "0x0"
 <   }
[2022/10/17 04:46:25.110] - eth_getBalance
[2022/10/17 04:46:25.111] -    > {
   >   "jsonrpc": "2.0",
   >   "id": 155,
   >   "method": "eth_getBalance",
   >   "params": [
   >     "0x8ff58be62a491edfb5ab0f062b9a54f7edb969a6",
   >     "latest"
   >   ],
   >   "internal": true
   > }
[2022/10/17 04:46:25.113] -  <   {
 <     "id": 155,
 <     "jsonrpc": "2.0",
 <     "result": "0xc9f2c9cd04674edea40000000"
 <   }
[2022/10/17 04:46:25.113] - eth_getTransactionCount
[2022/10/17 04:46:25.113] -    > {
   >   "jsonrpc": "2.0",
   >   "id": 156,
   >   "method": "eth_getTransactionCount",
   >   "params": [
   >     "0x8ff58be62a491edfb5ab0f062b9a54f7edb969a6",
   >     "latest"
   >   ],
   >   "internal": true
   > }
[2022/10/17 04:46:25.116] -  <   {
 <     "id": 156,
 <     "jsonrpc": "2.0",
 <     "result": "0x0"
 <   }
[2022/10/17 04:46:25.120] - eth_getBalance
[2022/10/17 04:46:25.120] -    > {
   >   "jsonrpc": "2.0",
   >   "id": 157,
   >   "method": "eth_getBalance",
   >   "params": [
   >     "0x0ce09d179d79eaaf7625901b8768f2425043f9c9",
   >     "latest"
   >   ],
   >   "internal": true
   > }
[2022/10/17 04:46:25.120] - eth_getTransactionCount
[2022/10/17 04:46:25.121] -    > {
   >   "jsonrpc": "2.0",
   >   "id": 158,
   >   "method": "eth_getTransactionCount",
   >   "params": [
   >     "0x0ce09d179d79eaaf7625901b8768f2425043f9c9",
   >     "latest"
   >   ],
   >   "internal": true
   > }
[2022/10/17 04:46:25.123] -  <   {
 <     "id": 157,
 <     "jsonrpc": "2.0",
 <     "result": "0xc9f2c9cd04674edea40000000"
 <   }
[2022/10/17 04:46:25.123] - eth_getBalance
[2022/10/17 04:46:25.124] -    > {
   >   "jsonrpc": "2.0",
   >   "id": 159,
   >   "method": "eth_getBalance",
   >   "params": [
   >     "0x09dba8b4fcffb890b8d52036d26205bb60f9e4fa",
   >     "latest"
   >   ],
   >   "internal": true
   > }
[2022/10/17 04:46:25.126] -  <   {
 <     "id": 158,
 <     "jsonrpc": "2.0",
 <     "result": "0x0"
 <   }
[2022/10/17 04:46:25.126] - eth_getTransactionCount
[2022/10/17 04:46:25.126] -    > {
   >   "jsonrpc": "2.0",
   >   "id": 160,
   >   "method": "eth_getTransactionCount",
   >   "params": [
   >     "0x09dba8b4fcffb890b8d52036d26205bb60f9e4fa",
   >     "latest"
   >   ],
   >   "internal": true
   > }
[2022/10/17 04:46:25.129] -  <   {
 <     "id": 159,
 <     "jsonrpc": "2.0",
 <     "result": "0xc9f2c9cd04674edea40000000"
 <   }
[2022/10/17 04:46:25.129] - eth_getBalance
[2022/10/17 04:46:25.129] -    > {
   >   "jsonrpc": "2.0",
   >   "id": 161,
   >   "method": "eth_getBalance",
   >   "params": [
   >     "0x22f82461a98f49115cc94885c627a19999504a26",
   >     "latest"
   >   ],
   >   "internal": true
   > }
[2022/10/17 04:46:25.132] -  <   {
 <     "id": 160,
 <     "jsonrpc": "2.0",
 <     "result": "0x0"
 <   }
[2022/10/17 04:46:25.132] - eth_getTransactionCount
[2022/10/17 04:46:25.132] -    > {
   >   "jsonrpc": "2.0",
   >   "id": 162,
   >   "method": "eth_getTransactionCount",
   >   "params": [
   >     "0x22f82461a98f49115cc94885c627a19999504a26",
   >     "latest"
   >   ],
   >   "internal": true
   > }
[2022/10/17 04:46:25.135] -  <   {
 <     "id": 161,
 <     "jsonrpc": "2.0",
 <     "result": "0xc9f2c9cd04674edea40000000"
 <   }
[2022/10/17 04:46:25.135] - eth_getBalance
[2022/10/17 04:46:25.135] -    > {
   >   "jsonrpc": "2.0",
   >   "id": 163,
   >   "method": "eth_getBalance",
   >   "params": [
   >     "0x01309ec44a22d26411564142c1ff354349ee8bce",
   >     "latest"
   >   ],
   >   "internal": true
   > }
[2022/10/17 04:46:25.139] -  <   {
 <     "id": 162,
 <     "jsonrpc": "2.0",
 <     "result": "0x0"
 <   }
[2022/10/17 04:46:25.148] - eth_getTransactionCount
[2022/10/17 04:46:25.149] -    > {
   >   "jsonrpc": "2.0",
   >   "id": 164,
   >   "method": "eth_getTransactionCount",
   >   "params": [
   >     "0x01309ec44a22d26411564142c1ff354349ee8bce",
   >     "latest"
   >   ],
   >   "internal": true
   > }
[2022/10/17 04:46:25.159] -  <   {
 <     "id": 163,
 <     "jsonrpc": "2.0",
 <     "result": "0xc9f2c9cd04674edea40000000"
 <   }
[2022/10/17 04:46:25.161] -  <   {
 <     "id": 164,
 <     "jsonrpc": "2.0",
 <     "result": "0x0"
 <   }
[2022/10/17 04:46:25.173] - eth_getBalance
[2022/10/17 04:46:25.173] -    > {
   >   "jsonrpc": "2.0",
   >   "id": 165,
   >   "method": "eth_getBalance",
   >   "params": [
   >     "0xa603370e129252fc1ecfaa2fb55a65cbe6f03601",
   >     "latest"
   >   ],
   >   "internal": true
   > }
[2022/10/17 04:46:25.175] -  <   {
 <     "id": 165,
 <     "jsonrpc": "2.0",
 <     "result": "0xc9f2c9cd04674edea40000000"
 <   }
[2022/10/17 04:46:25.176] - eth_getTransactionCount
[2022/10/17 04:46:25.176] -    > {
   >   "jsonrpc": "2.0",
   >   "id": 168,
   >   "method": "eth_getTransactionCount",
   >   "params": [
   >     "0xdbd2c3fd451e4abf789868e69c217094bac60d7a",
   >     "latest"
   >   ],
   >   "internal": true
   > }
[2022/10/17 04:46:25.179] -  <   {
 <     "id": 168,
 <     "jsonrpc": "2.0",
 <     "result": "0x0"
 <   }
[2022/10/17 04:46:25.179] - eth_getBalance
[2022/10/17 04:46:25.179] -    > {
   >   "jsonrpc": "2.0",
   >   "id": 169,
   >   "method": "eth_getBalance",
   >   "params": [
   >     "0xbe4eea92ec85c68eec783ce25950ee4ae95c1eae",
   >     "latest"
   >   ],
   >   "internal": true
   > }
[2022/10/17 04:46:25.182] -  <   {
 <     "id": 169,
 <     "jsonrpc": "2.0",
 <     "result": "0xc9f2c9cd04674edea40000000"
 <   }
[2022/10/17 04:46:25.182] - eth_getTransactionCount
[2022/10/17 04:46:25.183] -    > {
   >   "jsonrpc": "2.0",
   >   "id": 170,
   >   "method": "eth_getTransactionCount",
   >   "params": [
   >     "0xbe4eea92ec85c68eec783ce25950ee4ae95c1eae",
   >     "latest"
   >   ],
   >   "internal": true
   > }
[2022/10/17 04:46:25.185] -  <   {
 <     "id": 170,
 <     "jsonrpc": "2.0",
 <     "result": "0x0"
 <   }
[2022/10/17 04:46:25.185] - eth_getBalance
[2022/10/17 04:46:25.186] -    > {
   >   "jsonrpc": "2.0",
   >   "id": 171,
   >   "method": "eth_getBalance",
   >   "params": [
   >     "0x1d17704a13d8735498cfc46f7d3e3eb391d6b327",
   >     "latest"
   >   ],
   >   "internal": true
   > }
[2022/10/17 04:46:25.188] -  <   {
 <     "id": 171,
 <     "jsonrpc": "2.0",
 <     "result": "0xc9f2c9cd04674edea40000000"
 <   }
[2022/10/17 04:46:25.188] - eth_getTransactionCount
[2022/10/17 04:46:25.192] -    > {
   >   "jsonrpc": "2.0",
   >   "id": 172,
   >   "method": "eth_getTransactionCount",
   >   "params": [
   >     "0x1d17704a13d8735498cfc46f7d3e3eb391d6b327",
   >     "latest"
   >   ],
   >   "internal": true
   > }
[2022/10/17 04:46:25.192] - eth_getBalance
[2022/10/17 04:46:25.192] -    > {
   >   "jsonrpc": "2.0",
   >   "id": 173,
   >   "method": "eth_getBalance",
   >   "params": [
   >     "0x7edd9949a01e5259c420b6900e0bc212e33a2e0a",
   >     "latest"
   >   ],
   >   "internal": true
   > }
[2022/10/17 04:46:25.195] -  <   {
 <     "id": 172,
 <     "jsonrpc": "2.0",
 <     "result": "0x0"
 <   }
[2022/10/17 04:46:25.196] - eth_getTransactionCount
[2022/10/17 04:46:25.196] -    > {
   >   "jsonrpc": "2.0",
   >   "id": 174,
   >   "method": "eth_getTransactionCount",
   >   "params": [
   >     "0x7edd9949a01e5259c420b6900e0bc212e33a2e0a",
   >     "latest"
   >   ],
   >   "internal": true
   > }
[2022/10/17 04:46:25.202] -  <   {
 <     "id": 173,
 <     "jsonrpc": "2.0",
 <     "result": "0xc9f2c9cd04674edea40000000"
 <   }
[2022/10/17 04:46:25.202] - eth_getBalance
[2022/10/17 04:46:25.203] -    > {
   >   "jsonrpc": "2.0",
   >   "id": 175,
   >   "method": "eth_getBalance",
   >   "params": [
   >     "0x8ff58be62a491edfb5ab0f062b9a54f7edb969a6",
   >     "latest"
   >   ],
   >   "internal": true
   > }
[2022/10/17 04:46:25.205] -  <   {
 <     "id": 174,
 <     "jsonrpc": "2.0",
 <     "result": "0x0"
 <   }
[2022/10/17 04:46:25.205] - eth_getTransactionCount
[2022/10/17 04:46:25.276] -    > {
   >   "jsonrpc": "2.0",
   >   "id": 176,
   >   "method": "eth_getTransactionCount",
   >   "params": [
   >     "0x8ff58be62a491edfb5ab0f062b9a54f7edb969a6",
   >     "latest"
   >   ],
   >   "internal": true
   > }
[2022/10/17 04:46:25.276] - eth_getBalance
[2022/10/17 04:46:25.276] -    > {
   >   "jsonrpc": "2.0",
   >   "id": 177,
   >   "method": "eth_getBalance",
   >   "params": [
   >     "0x0ce09d179d79eaaf7625901b8768f2425043f9c9",
   >     "latest"
   >   ],
   >   "internal": true
   > }
[2022/10/17 04:46:25.277] - eth_getTransactionCount
[2022/10/17 04:46:25.277] -    > {
   >   "jsonrpc": "2.0",
   >   "id": 178,
   >   "method": "eth_getTransactionCount",
   >   "params": [
   >     "0x0ce09d179d79eaaf7625901b8768f2425043f9c9",
   >     "latest"
   >   ],
   >   "internal": true
   > }
[2022/10/17 04:46:25.278] -  <   {
 <     "id": 175,
 <     "jsonrpc": "2.0",
 <     "result": "0xc9f2c9cd04674edea40000000"
 <   }
[2022/10/17 04:46:25.278] - eth_getBalance
[2022/10/17 04:46:25.278] -    > {
   >   "jsonrpc": "2.0",
   >   "id": 179,
   >   "method": "eth_getBalance",
   >   "params": [
   >     "0x09dba8b4fcffb890b8d52036d26205bb60f9e4fa",
   >     "latest"
   >   ],
   >   "internal": true
   > }
[2022/10/17 04:46:25.279] - eth_getTransactionCount
[2022/10/17 04:46:25.279] -    > {
   >   "jsonrpc": "2.0",
   >   "id": 180,
   >   "method": "eth_getTransactionCount",
   >   "params": [
   >     "0x09dba8b4fcffb890b8d52036d26205bb60f9e4fa",
   >     "latest"
   >   ],
   >   "internal": true
   > }
[2022/10/17 04:46:25.280] -  <   {
 <     "id": 176,
 <     "jsonrpc": "2.0",
 <     "result": "0x0"
 <   }
[2022/10/17 04:46:25.280] - eth_getBalance
[2022/10/17 04:46:25.280] -    > {
   >   "jsonrpc": "2.0",
   >   "id": 181,
   >   "method": "eth_getBalance",
   >   "params": [
   >     "0x22f82461a98f49115cc94885c627a19999504a26",
   >     "latest"
   >   ],
   >   "internal": true
   > }
[2022/10/17 04:46:25.282] -  <   {
 <     "id": 177,
 <     "jsonrpc": "2.0",
 <     "result": "0xc9f2c9cd04674edea40000000"
 <   }
[2022/10/17 04:46:25.283] - eth_getTransactionCount
[2022/10/17 04:46:25.283] -    > {
   >   "jsonrpc": "2.0",
   >   "id": 182,
   >   "method": "eth_getTransactionCount",
   >   "params": [
   >     "0x22f82461a98f49115cc94885c627a19999504a26",
   >     "latest"
   >   ],
   >   "internal": true
   > }
[2022/10/17 04:46:25.283] - eth_getBalance
[2022/10/17 04:46:25.283] -    > {
   >   "jsonrpc": "2.0",
   >   "id": 183,
   >   "method": "eth_getBalance",
   >   "params": [
   >     "0x01309ec44a22d26411564142c1ff354349ee8bce",
   >     "latest"
   >   ],
   >   "internal": true
   > }
[2022/10/17 04:46:25.284] - eth_getTransactionCount
[2022/10/17 04:46:25.284] -    > {
   >   "jsonrpc": "2.0",
   >   "id": 184,
   >   "method": "eth_getTransactionCount",
   >   "params": [
   >     "0x01309ec44a22d26411564142c1ff354349ee8bce",
   >     "latest"
   >   ],
   >   "internal": true
   > }
[2022/10/17 04:46:25.285] -  <   {
 <     "id": 178,
 <     "jsonrpc": "2.0",
 <     "result": "0x0"
 <   }
[2022/10/17 04:46:25.287] -  <   {
 <     "id": 179,
 <     "jsonrpc": "2.0",
 <     "result": "0xc9f2c9cd04674edea40000000"
 <   }
[2022/10/17 04:46:25.289] -  <   {
 <     "id": 180,
 <     "jsonrpc": "2.0",
 <     "result": "0x0"
 <   }
[2022/10/17 04:46:25.292] -  <   {
 <     "id": 181,
 <     "jsonrpc": "2.0",
 <     "result": "0xc9f2c9cd04674edea40000000"
 <   }
[2022/10/17 04:46:25.295] -  <   {
 <     "id": 182,
 <     "jsonrpc": "2.0",
 <     "result": "0x0"
 <   }
[2022/10/17 04:46:25.298] -  <   {
 <     "id": 183,
 <     "jsonrpc": "2.0",
 <     "result": "0xc9f2c9cd04674edea40000000"
 <   }
[2022/10/17 04:46:25.300] -  <   {
 <     "id": 184,
 <     "jsonrpc": "2.0",
 <     "result": "0x0"
 <   }
[2022/10/17 06:34:31.213] - eth_getBlockByNumber
[2022/10/17 06:34:31.235] -    > {
   >   "jsonrpc": "2.0",
   >   "id": 185,
   >   "method": "eth_getBlockByNumber",
   >   "params": [
   >     "0x0",
   >     true
   >   ],
   >   "internal": true
   > }
[2022/10/17 06:34:31.294] -  <   {
 <     "id": 185,
 <     "jsonrpc": "2.0",
 <     "result": {
 <       "number": "0x0",
 <       "hash": "0x2652abcfe1e3ec75044f7dc7ba041a803fc1bd8706bd4c4df9b2636a7eee95b2",
 <       "parentHash": "0x0000000000000000000000000000000000000000000000000000000000000000",
 <       "mixHash": "0x0000000000000000000000000000000000000000000000000000000000000000",
 <       "nonce": "0x0000000000000000",
 <       "sha3Uncles": "0x1dcc4de8dec75d7aab85b567b6ccd41ad312451b948a7413f0a142fd40d49347",
 <       "logsBloom": "0x00000000000000000000000000000000000000000000000000000000000000000000000000000000000000000000000000000000000000000000000000000000000000000000000000000000000000000000000000000000000000000000000000000000000000000000000000000000000000000000000000000000000000000000000000000000000000000000000000000000000000000000000000000000000000000000000000000000000000000000000000000000000000000000000000000000000000000000000000000000000000000000000000000000000000000000000000000000000000000000000000000000000000000000000000000000",
 <       "transactionsRoot": "0x56e81f171bcc55a6ff8345e692c0f86e5b48e01b996cadc001622fb5e363b421",
 <       "stateRoot": "0x11a847486147521540e6d4d4a32b4bc9d749401f88b4dd96c1d8457a407a4fc8",
 <       "receiptsRoot": "0x56e81f171bcc55a6ff8345e692c0f86e5b48e01b996cadc001622fb5e363b421",
 <       "miner": "0x0000000000000000000000000000000000000000",
 <       "difficulty": "0x0",
 <       "totalDifficulty": "0x0",
 <       "extraData": "0x",
 <       "size": "0x3e8",
 <       "gasLimit": "0x1",
 <       "gasUsed": "0x0",
 <       "timestamp": "0x634d2470",
 <       "transactions": [],
 <       "uncles": []
 <     }
 <   }
[2022/10/17 06:36:54.415] - eth_unsubscribe
[2022/10/17 06:36:54.434] -    > {
   >   "jsonrpc": "2.0",
   >   "id": 15,
   >   "method": "eth_unsubscribe",
   >   "params": [
   >     "0x3"
   >   ]
   > }
[2022/10/17 06:36:54.443] - eth_unsubscribe
[2022/10/17 06:36:54.443] -    > {
   >   "jsonrpc": "2.0",
   >   "id": 16,
   >   "method": "eth_unsubscribe",
   >   "params": [
   >     "0x4"
   >   ]
   > }
[2022/10/17 06:36:54.454] -    > {
   >   "jsonrpc": "2.0",
   >   "method": "eth_unsubscribe",
   >   "params": [
   >     "0x6"
   >   ],
   >   "id": 1666006614454
   > }
[2022/10/17 06:36:54.454] -    > {
   >   "jsonrpc": "2.0",
   >   "method": "eth_unsubscribe",
   >   "params": [
   >     "0x3"
   >   ],
   >   "id": 1666006614454
   > }
[2022/10/17 06:36:54.458] -    > {
   >   "jsonrpc": "2.0",
   >   "method": "eth_unsubscribe",
   >   "params": [
   >     "0x4"
   >   ],
   >   "id": 1666006614458
   > }
[2022/10/17 06:36:54.459] -    > {
   >   "jsonrpc": "2.0",
   >   "method": "eth_unsubscribe",
   >   "params": [
   >     "0x5"
   >   ],
   >   "id": 1666006614458
   > }
[2022/10/17 06:36:54.459] -    > {
   >   "jsonrpc": "2.0",
   >   "method": "eth_unsubscribe",
   >   "params": [
   >     "0x1"
   >   ],
   >   "id": 1666006614459
   > }
[2022/10/17 06:36:54.459] -    > {
   >   "jsonrpc": "2.0",
   >   "method": "eth_unsubscribe",
   >   "params": [
   >     "0x2"
   >   ],
   >   "id": 1666006614459
   > }
[2022/10/17 06:36:54.460] -  <   {
 <     "id": 15,
 <     "jsonrpc": "2.0",
 <     "result": true
 <   }
[2022/10/17 06:36:54.462] -  <   {
 <     "id": 16,
 <     "jsonrpc": "2.0",
 <     "result": true
 <   }
[2022/10/17 06:36:54.464] -  <   {
 <     "id": 1666006614454,
 <     "jsonrpc": "2.0",
 <     "result": true
 <   }
[2022/10/17 06:36:54.470] -  <   {
 <     "id": 1666006614454,
 <     "jsonrpc": "2.0",
 <     "error": {
 <       "message": "Subscription ID 0x3 not found.",
 <       "code": -32000,
 <       "data": {
 <         "stack": "Error: Subscription ID 0x3 not found.\n    at SubscriptionSubprovider.eth_unsubscribe (/Applications/Ganache.app/Contents/Resources/static/node/node_modules/ganache-core/node_modules/web3-provider-engine/subproviders/subscriptions.js:78:8)\n    at SubscriptionSubprovider.handleRequest (/Applications/Ganache.app/Contents/Resources/static/node/node_modules/ganache-core/node_modules/web3-provider-engine/subproviders/subscriptions.js:134:12)\n    at next (/Applications/Ganache.app/Contents/Resources/static/node/node_modules/ganache-core/node_modules/web3-provider-engine/index.js:136:18)\n    at DelayedBlockFilter.handleRequest (/Applications/Ganache.app/Contents/Resources/static/node/node_modules/ganache-core/lib/subproviders/delayedblockfilter.js:31:3)\n    at next (/Applications/Ganache.app/Contents/Resources/static/node/node_modules/ganache-core/node_modules/web3-provider-engine/index.js:136:18)\n    at RequestFunnel.handleRequest (/Applications/Ganache.app/Contents/Resources/static/node/node_modules/ganache-core/lib/subproviders/requestfunnel.js:32:12)\n    at next (/Applications/Ganache.app/Contents/Resources/static/node/node_modules/ganache-core/node_modules/web3-provider-engine/index.js:136:18)\n    at Web3ProviderEngine._handleAsync (/Applications/Ganache.app/Contents/Resources/static/node/node_modules/ganache-core/node_modules/web3-provider-engine/index.js:123:3)\n    at Timeout._onTimeout (/Applications/Ganache.app/Contents/Resources/static/node/node_modules/ganache-core/node_modules/web3-provider-engine/index.js:107:12)\n    at listOnTimeout (internal/timers.js:531:17)\n    at processTimers (internal/timers.js:475:7)",
 <         "name": "Error"
 <       }
 <     }
 <   }
[2022/10/17 06:36:54.473] -  <   {
 <     "id": 1666006614458,
 <     "jsonrpc": "2.0",
 <     "error": {
 <       "message": "Subscription ID 0x4 not found.",
 <       "code": -32000,
 <       "data": {
 <         "stack": "Error: Subscription ID 0x4 not found.\n    at SubscriptionSubprovider.eth_unsubscribe (/Applications/Ganache.app/Contents/Resources/static/node/node_modules/ganache-core/node_modules/web3-provider-engine/subproviders/subscriptions.js:78:8)\n    at SubscriptionSubprovider.handleRequest (/Applications/Ganache.app/Contents/Resources/static/node/node_modules/ganache-core/node_modules/web3-provider-engine/subproviders/subscriptions.js:134:12)\n    at next (/Applications/Ganache.app/Contents/Resources/static/node/node_modules/ganache-core/node_modules/web3-provider-engine/index.js:136:18)\n    at DelayedBlockFilter.handleRequest (/Applications/Ganache.app/Contents/Resources/static/node/node_modules/ganache-core/lib/subproviders/delayedblockfilter.js:31:3)\n    at next (/Applications/Ganache.app/Contents/Resources/static/node/node_modules/ganache-core/node_modules/web3-provider-engine/index.js:136:18)\n    at RequestFunnel.handleRequest (/Applications/Ganache.app/Contents/Resources/static/node/node_modules/ganache-core/lib/subproviders/requestfunnel.js:32:12)\n    at next (/Applications/Ganache.app/Contents/Resources/static/node/node_modules/ganache-core/node_modules/web3-provider-engine/index.js:136:18)\n    at Web3ProviderEngine._handleAsync (/Applications/Ganache.app/Contents/Resources/static/node/node_modules/ganache-core/node_modules/web3-provider-engine/index.js:123:3)\n    at Timeout._onTimeout (/Applications/Ganache.app/Contents/Resources/static/node/node_modules/ganache-core/node_modules/web3-provider-engine/index.js:107:12)\n    at listOnTimeout (internal/timers.js:531:17)\n    at processTimers (internal/timers.js:475:7)",
 <         "name": "Error"
 <       }
 <     }
 <   }
[2022/10/17 06:36:54.474] -  <   {
 <     "id": 1666006614458,
 <     "jsonrpc": "2.0",
 <     "result": true
 <   }
[2022/10/17 06:36:54.477] -  <   {
 <     "id": 1666006614459,
 <     "jsonrpc": "2.0",
 <     "result": true
 <   }
[2022/10/17 06:36:54.479] -  <   {
 <     "id": 1666006614459,
 <     "jsonrpc": "2.0",
 <     "result": true
 <   }
