[2022/10/17 06:36:55.124] - Starting server with initial configuration: {"gasLimit":1,"gasPrice":20000000000,"hardfork":"byzantium","hostname":"127.0.0.1","port":7545,"network_id":5777,"default_balance_ether":1000000000000,"total_accounts":10,"unlocked_accounts":[],"locked":false,"vmErrorsOnRPCResponse":true,"verbose":true,"db_path":"/Users/mac/Library/Application Support/Ganache/workspaces/understood-tent/chaindata","logDirectory":"/Users/mac/Documents/mazacoin.org"}
[2022/10/17 06:36:55.261] - eth_subscribe
[2022/10/17 06:36:55.261] -    > {
   >   "jsonrpc": "2.0",
   >   "id": 17,
   >   "method": "eth_subscribe",
   >   "params": [
   >     "newHeads"
   >   ]
   > }
[2022/10/17 06:36:55.262] - eth_getLogs
[2022/10/17 06:36:55.264] -    > {
   >   "jsonrpc": "2.0",
   >   "id": 18,
   >   "method": "eth_getLogs",
   >   "params": [
   >     {
   >       "topics": []
   >     }
   >   ]
   > }
[2022/10/17 06:36:55.265] - eth_subscribe
[2022/10/17 06:36:55.265] -    > {
   >   "jsonrpc": "2.0",
   >   "id": 19,
   >   "method": "eth_subscribe",
   >   "params": [
   >     "logs",
   >     {
   >       "topics": []
   >     }
   >   ]
   > }
[2022/10/17 06:36:55.266] -  <   {
 <     "id": 17,
 <     "jsonrpc": "2.0",
 <     "result": "0x1"
 <   }
[2022/10/17 06:36:55.275] -  <   {
 <     "id": 18,
 <     "jsonrpc": "2.0",
 <     "result": []
 <   }
[2022/10/17 06:36:55.277] -  <   {
 <     "id": 19,
 <     "jsonrpc": "2.0",
 <     "result": "0x2"
 <   }
[2022/10/17 06:36:55.290] - eth_subscribe
[2022/10/17 06:36:55.290] -    > {
   >   "jsonrpc": "2.0",
   >   "id": 20,
   >   "method": "eth_subscribe",
   >   "params": [
   >     "newHeads"
   >   ]
   > }
[2022/10/17 06:36:55.302] - eth_getLogs
[2022/10/17 06:36:55.302] -    > {
   >   "jsonrpc": "2.0",
   >   "id": 21,
   >   "method": "eth_getLogs",
   >   "params": [
   >     {
   >       "topics": []
   >     }
   >   ]
   > }
[2022/10/17 06:36:55.303] - eth_subscribe
[2022/10/17 06:36:55.303] -    > {
   >   "jsonrpc": "2.0",
   >   "id": 22,
   >   "method": "eth_subscribe",
   >   "params": [
   >     "logs",
   >     {
   >       "topics": []
   >     }
   >   ]
   > }
[2022/10/17 06:36:55.304] -  <   {
 <     "id": 20,
 <     "jsonrpc": "2.0",
 <     "result": "0x3"
 <   }
[2022/10/17 06:36:55.306] -  <   {
 <     "id": 21,
 <     "jsonrpc": "2.0",
 <     "result": []
 <   }
[2022/10/17 06:36:55.310] -  <   {
 <     "id": 22,
 <     "jsonrpc": "2.0",
 <     "result": "0x4"
 <   }
[2022/10/17 06:36:55.321] - eth_blockNumber
[2022/10/17 06:36:55.321] -    > {
   >   "jsonrpc": "2.0",
   >   "id": 186,
   >   "method": "eth_blockNumber",
   >   "params": [],
   >   "internal": true
   > }
[2022/10/17 06:36:55.321] - eth_accounts
[2022/10/17 06:36:55.322] -    > {
   >   "jsonrpc": "2.0",
   >   "id": 187,
   >   "method": "eth_accounts",
   >   "params": [],
   >   "internal": true
   > }
[2022/10/17 06:36:55.322] - eth_gasPrice
[2022/10/17 06:36:55.322] -    > {
   >   "jsonrpc": "2.0",
   >   "id": 188,
   >   "method": "eth_gasPrice",
   >   "params": [],
   >   "internal": true
   > }
[2022/10/17 06:36:55.323] -  <   {
 <     "id": 186,
 <     "jsonrpc": "2.0",
 <     "result": "0x0"
 <   }
[2022/10/17 06:36:55.325] - eth_getBlockByNumber
[2022/10/17 06:36:55.326] -    > {
   >   "jsonrpc": "2.0",
   >   "id": 189,
   >   "method": "eth_getBlockByNumber",
   >   "params": [
   >     "latest",
   >     false
   >   ],
   >   "internal": true
   > }
[2022/10/17 06:36:55.326] - eth_subscribe
[2022/10/17 06:36:55.326] -    > {
   >   "jsonrpc": "2.0",
   >   "id": 190,
   >   "method": "eth_subscribe",
   >   "params": [
   >     "newHeads"
   >   ],
   >   "internal": true
   > }
[2022/10/17 06:36:55.327] -  <   {
 <     "id": 187,
 <     "jsonrpc": "2.0",
 <     "result": [
 <       "0xa603370e129252fc1ecfaa2fb55a65cbe6f03601",
 <       "0xdbd2c3fd451e4abf789868e69c217094bac60d7a",
 <       "0xbe4eea92ec85c68eec783ce25950ee4ae95c1eae",
 <       "0x1d17704a13d8735498cfc46f7d3e3eb391d6b327",
 <       "0x7edd9949a01e5259c420b6900e0bc212e33a2e0a",
 <       "0x8ff58be62a491edfb5ab0f062b9a54f7edb969a6",
 <       "0x0ce09d179d79eaaf7625901b8768f2425043f9c9",
 <       "0x09dba8b4fcffb890b8d52036d26205bb60f9e4fa",
 <       "0x22f82461a98f49115cc94885c627a19999504a26",
 <       "0x01309ec44a22d26411564142c1ff354349ee8bce"
 <     ]
 <   }
[2022/10/17 06:36:55.329] -  <   {
 <     "id": 188,
 <     "jsonrpc": "2.0",
 <     "result": "0x4a817c800"
 <   }
[2022/10/17 06:36:55.329] - eth_accounts
[2022/10/17 06:36:55.329] -    > {
   >   "jsonrpc": "2.0",
   >   "id": 196,
   >   "method": "eth_accounts",
   >   "params": [],
   >   "internal": true
   > }
[2022/10/17 06:36:55.331] -  <   {
 <     "id": 189,
 <     "jsonrpc": "2.0",
 <     "result": {
 <       "number": "0x0",
 <       "hash": "0x2652abcfe1e3ec75044f7dc7ba041a803fc1bd8706bd4c4df9b2636a7eee95b2",
 <       "parentHash": "0x0000000000000000000000000000000000000000000000000000000000000000",
 <       "mixHash": "0x0000000000000000000000000000000000000000000000000000000000000000",
 <       "nonce": "0x0000000000000000",
 <       "sha3Uncles": "0x1dcc4de8dec75d7aab85b567b6ccd41ad312451b948a7413f0a142fd40d49347",
 <       "logsBloom": "0x00000000000000000000000000000000000000000000000000000000000000000000000000000000000000000000000000000000000000000000000000000000000000000000000000000000000000000000000000000000000000000000000000000000000000000000000000000000000000000000000000000000000000000000000000000000000000000000000000000000000000000000000000000000000000000000000000000000000000000000000000000000000000000000000000000000000000000000000000000000000000000000000000000000000000000000000000000000000000000000000000000000000000000000000000000000",
 <       "transactionsRoot": "0x56e81f171bcc55a6ff8345e692c0f86e5b48e01b996cadc001622fb5e363b421",
 <       "stateRoot": "0x11a847486147521540e6d4d4a32b4bc9d749401f88b4dd96c1d8457a407a4fc8",
 <       "receiptsRoot": "0x56e81f171bcc55a6ff8345e692c0f86e5b48e01b996cadc001622fb5e363b421",
 <       "miner": "0x0000000000000000000000000000000000000000",
 <       "difficulty": "0x0",
 <       "totalDifficulty": "0x0",
 <       "extraData": "0x",
 <       "size": "0x3e8",
 <       "gasLimit": "0x1",
 <       "gasUsed": "0x0",
 <       "timestamp": "0x634d2470",
 <       "transactions": [],
 <       "uncles": []
 <     }
 <   }
[2022/10/17 06:36:55.333] -  <   {
 <     "id": 190,
 <     "jsonrpc": "2.0",
 <     "result": "0x5"
 <   }
[2022/10/17 06:36:55.335] -  <   {
 <     "id": 196,
 <     "jsonrpc": "2.0",
 <     "result": [
 <       "0xa603370e129252fc1ecfaa2fb55a65cbe6f03601",
 <       "0xdbd2c3fd451e4abf789868e69c217094bac60d7a",
 <       "0xbe4eea92ec85c68eec783ce25950ee4ae95c1eae",
 <       "0x1d17704a13d8735498cfc46f7d3e3eb391d6b327",
 <       "0x7edd9949a01e5259c420b6900e0bc212e33a2e0a",
 <       "0x8ff58be62a491edfb5ab0f062b9a54f7edb969a6",
 <       "0x0ce09d179d79eaaf7625901b8768f2425043f9c9",
 <       "0x09dba8b4fcffb890b8d52036d26205bb60f9e4fa",
 <       "0x22f82461a98f49115cc94885c627a19999504a26",
 <       "0x01309ec44a22d26411564142c1ff354349ee8bce"
 <     ]
 <   }
[2022/10/17 06:36:55.341] - eth_getBalance
[2022/10/17 06:36:55.341] -    > {
   >   "jsonrpc": "2.0",
   >   "id": 197,
   >   "method": "eth_getBalance",
   >   "params": [
   >     "0xa603370e129252fc1ecfaa2fb55a65cbe6f03601",
   >     "latest"
   >   ],
   >   "internal": true
   > }
[2022/10/17 06:36:55.343] - eth_getTransactionCount
[2022/10/17 06:36:55.344] -    > {
   >   "jsonrpc": "2.0",
   >   "id": 198,
   >   "method": "eth_getTransactionCount",
   >   "params": [
   >     "0xa603370e129252fc1ecfaa2fb55a65cbe6f03601",
   >     "latest"
   >   ],
   >   "internal": true
   > }
[2022/10/17 06:36:55.345] -  <   {
 <     "id": 197,
 <     "jsonrpc": "2.0",
 <     "result": "0xc9f2c9cd04674edea40000000"
 <   }
[2022/10/17 06:36:55.347] -  <   {
 <     "id": 198,
 <     "jsonrpc": "2.0",
 <     "result": "0x0"
 <   }
[2022/10/17 06:36:55.348] - eth_getBalance
[2022/10/17 06:36:55.348] -    > {
   >   "jsonrpc": "2.0",
   >   "id": 199,
   >   "method": "eth_getBalance",
   >   "params": [
   >     "0xdbd2c3fd451e4abf789868e69c217094bac60d7a",
   >     "latest"
   >   ],
   >   "internal": true
   > }
[2022/10/17 06:36:55.351] -  <   {
 <     "id": 199,
 <     "jsonrpc": "2.0",
 <     "result": "0xc9f2c9cd04674edea40000000"
 <   }
[2022/10/17 06:36:55.351] - eth_getTransactionCount
[2022/10/17 06:36:55.352] -    > {
   >   "jsonrpc": "2.0",
   >   "id": 200,
   >   "method": "eth_getTransactionCount",
   >   "params": [
   >     "0xdbd2c3fd451e4abf789868e69c217094bac60d7a",
   >     "latest"
   >   ],
   >   "internal": true
   > }
[2022/10/17 06:36:55.354] -  <   {
 <     "id": 200,
 <     "jsonrpc": "2.0",
 <     "result": "0x0"
 <   }
[2022/10/17 06:36:55.355] - eth_getBalance
[2022/10/17 06:36:55.355] -    > {
   >   "jsonrpc": "2.0",
   >   "id": 201,
   >   "method": "eth_getBalance",
   >   "params": [
   >     "0xbe4eea92ec85c68eec783ce25950ee4ae95c1eae",
   >     "latest"
   >   ],
   >   "internal": true
   > }
[2022/10/17 06:36:55.358] -  <   {
 <     "id": 201,
 <     "jsonrpc": "2.0",
 <     "result": "0xc9f2c9cd04674edea40000000"
 <   }
[2022/10/17 06:36:55.358] - eth_getTransactionCount
[2022/10/17 06:36:55.359] -    > {
   >   "jsonrpc": "2.0",
   >   "id": 202,
   >   "method": "eth_getTransactionCount",
   >   "params": [
   >     "0xbe4eea92ec85c68eec783ce25950ee4ae95c1eae",
   >     "latest"
   >   ],
   >   "internal": true
   > }
[2022/10/17 06:36:55.360] - eth_getBalance
[2022/10/17 06:36:55.360] -    > {
   >   "jsonrpc": "2.0",
   >   "id": 203,
   >   "method": "eth_getBalance",
   >   "params": [
   >     "0x1d17704a13d8735498cfc46f7d3e3eb391d6b327",
   >     "latest"
   >   ],
   >   "internal": true
   > }
[2022/10/17 06:36:55.361] -  <   {
 <     "id": 202,
 <     "jsonrpc": "2.0",
 <     "result": "0x0"
 <   }
[2022/10/17 06:36:55.362] - eth_getTransactionCount
[2022/10/17 06:36:55.362] -    > {
   >   "jsonrpc": "2.0",
   >   "id": 204,
   >   "method": "eth_getTransactionCount",
   >   "params": [
   >     "0x1d17704a13d8735498cfc46f7d3e3eb391d6b327",
   >     "latest"
   >   ],
   >   "internal": true
   > }
[2022/10/17 06:36:55.364] -  <   {
 <     "id": 203,
 <     "jsonrpc": "2.0",
 <     "result": "0xc9f2c9cd04674edea40000000"
 <   }
[2022/10/17 06:36:55.365] - eth_getBalance
[2022/10/17 06:36:55.366] -    > {
   >   "jsonrpc": "2.0",
   >   "id": 205,
   >   "method": "eth_getBalance",
   >   "params": [
   >     "0x7edd9949a01e5259c420b6900e0bc212e33a2e0a",
   >     "latest"
   >   ],
   >   "internal": true
   > }
[2022/10/17 06:36:55.367] -  <   {
 <     "id": 204,
 <     "jsonrpc": "2.0",
 <     "result": "0x0"
 <   }
[2022/10/17 06:36:55.368] - eth_getTransactionCount
[2022/10/17 06:36:55.368] -    > {
   >   "jsonrpc": "2.0",
   >   "id": 206,
   >   "method": "eth_getTransactionCount",
   >   "params": [
   >     "0x7edd9949a01e5259c420b6900e0bc212e33a2e0a",
   >     "latest"
   >   ],
   >   "internal": true
   > }
[2022/10/17 06:36:55.370] - eth_getBalance
[2022/10/17 06:36:55.370] -    > {
   >   "jsonrpc": "2.0",
   >   "id": 207,
   >   "method": "eth_getBalance",
   >   "params": [
   >     "0x8ff58be62a491edfb5ab0f062b9a54f7edb969a6",
   >     "latest"
   >   ],
   >   "internal": true
   > }
[2022/10/17 06:36:55.371] -  <   {
 <     "id": 205,
 <     "jsonrpc": "2.0",
 <     "result": "0xc9f2c9cd04674edea40000000"
 <   }
[2022/10/17 06:36:55.373] -  <   {
 <     "id": 206,
 <     "jsonrpc": "2.0",
 <     "result": "0x0"
 <   }
[2022/10/17 06:36:55.374] - eth_getTransactionCount
[2022/10/17 06:36:55.374] -    > {
   >   "jsonrpc": "2.0",
   >   "id": 208,
   >   "method": "eth_getTransactionCount",
   >   "params": [
   >     "0x8ff58be62a491edfb5ab0f062b9a54f7edb969a6",
   >     "latest"
   >   ],
   >   "internal": true
   > }
[2022/10/17 06:36:55.375] - eth_getBalance
[2022/10/17 06:36:55.375] -    > {
   >   "jsonrpc": "2.0",
   >   "id": 209,
   >   "method": "eth_getBalance",
   >   "params": [
   >     "0x0ce09d179d79eaaf7625901b8768f2425043f9c9",
   >     "latest"
   >   ],
   >   "internal": true
   > }
[2022/10/17 06:36:55.377] -  <   {
 <     "id": 207,
 <     "jsonrpc": "2.0",
 <     "result": "0xc9f2c9cd04674edea40000000"
 <   }
[2022/10/17 06:36:55.379] -  <   {
 <     "id": 208,
 <     "jsonrpc": "2.0",
 <     "result": "0x0"
 <   }
[2022/10/17 06:36:55.379] - eth_getTransactionCount
[2022/10/17 06:36:55.380] -    > {
   >   "jsonrpc": "2.0",
   >   "id": 210,
   >   "method": "eth_getTransactionCount",
   >   "params": [
   >     "0x0ce09d179d79eaaf7625901b8768f2425043f9c9",
   >     "latest"
   >   ],
   >   "internal": true
   > }
[2022/10/17 06:36:55.382] -  <   {
 <     "id": 209,
 <     "jsonrpc": "2.0",
 <     "result": "0xc9f2c9cd04674edea40000000"
 <   }
[2022/10/17 06:36:55.383] - eth_getBalance
[2022/10/17 06:36:55.383] -    > {
   >   "jsonrpc": "2.0",
   >   "id": 211,
   >   "method": "eth_getBalance",
   >   "params": [
   >     "0x09dba8b4fcffb890b8d52036d26205bb60f9e4fa",
   >     "latest"
   >   ],
   >   "internal": true
   > }
[2022/10/17 06:36:55.385] -  <   {
 <     "id": 210,
 <     "jsonrpc": "2.0",
 <     "result": "0x0"
 <   }
[2022/10/17 06:36:55.386] - eth_getTransactionCount
[2022/10/17 06:36:55.386] -    > {
   >   "jsonrpc": "2.0",
   >   "id": 212,
   >   "method": "eth_getTransactionCount",
   >   "params": [
   >     "0x09dba8b4fcffb890b8d52036d26205bb60f9e4fa",
   >     "latest"
   >   ],
   >   "internal": true
   > }
[2022/10/17 06:36:55.387] - eth_getBalance
[2022/10/17 06:36:55.387] -    > {
   >   "jsonrpc": "2.0",
   >   "id": 213,
   >   "method": "eth_getBalance",
   >   "params": [
   >     "0x22f82461a98f49115cc94885c627a19999504a26",
   >     "latest"
   >   ],
   >   "internal": true
   > }
[2022/10/17 06:36:55.389] -  <   {
 <     "id": 211,
 <     "jsonrpc": "2.0",
 <     "result": "0xc9f2c9cd04674edea40000000"
 <   }
[2022/10/17 06:36:55.390] - eth_getTransactionCount
[2022/10/17 06:36:55.391] -    > {
   >   "jsonrpc": "2.0",
   >   "id": 214,
   >   "method": "eth_getTransactionCount",
   >   "params": [
   >     "0x22f82461a98f49115cc94885c627a19999504a26",
   >     "latest"
   >   ],
   >   "internal": true
   > }
[2022/10/17 06:36:55.393] -  <   {
 <     "id": 212,
 <     "jsonrpc": "2.0",
 <     "result": "0x0"
 <   }
[2022/10/17 06:36:55.397] - eth_getBalance
[2022/10/17 06:36:55.398] -    > {
   >   "jsonrpc": "2.0",
   >   "id": 215,
   >   "method": "eth_getBalance",
   >   "params": [
   >     "0x01309ec44a22d26411564142c1ff354349ee8bce",
   >     "latest"
   >   ],
   >   "internal": true
   > }
[2022/10/17 06:36:55.398] - eth_getTransactionCount
[2022/10/17 06:36:55.398] -    > {
   >   "jsonrpc": "2.0",
   >   "id": 216,
   >   "method": "eth_getTransactionCount",
   >   "params": [
   >     "0x01309ec44a22d26411564142c1ff354349ee8bce",
   >     "latest"
   >   ],
   >   "internal": true
   > }
[2022/10/17 06:36:55.398] - eth_blockNumber
[2022/10/17 06:36:55.399] -    > {
   >   "jsonrpc": "2.0",
   >   "id": 191,
   >   "method": "eth_blockNumber",
   >   "params": [],
   >   "internal": true
   > }
[2022/10/17 06:36:55.400] - eth_accounts
[2022/10/17 06:36:55.400] -    > {
   >   "jsonrpc": "2.0",
   >   "id": 192,
   >   "method": "eth_accounts",
   >   "params": [],
   >   "internal": true
   > }
[2022/10/17 06:36:55.400] - eth_gasPrice
[2022/10/17 06:36:55.400] -    > {
   >   "jsonrpc": "2.0",
   >   "id": 193,
   >   "method": "eth_gasPrice",
   >   "params": [],
   >   "internal": true
   > }
[2022/10/17 06:36:55.401] -  <   {
 <     "id": 213,
 <     "jsonrpc": "2.0",
 <     "result": "0xc9f2c9cd04674edea40000000"
 <   }
[2022/10/17 06:36:55.405] -  <   {
 <     "id": 214,
 <     "jsonrpc": "2.0",
 <     "result": "0x0"
 <   }
[2022/10/17 06:36:55.407] - eth_getBlockByNumber
[2022/10/17 06:36:55.408] -    > {
   >   "jsonrpc": "2.0",
   >   "id": 194,
   >   "method": "eth_getBlockByNumber",
   >   "params": [
   >     "latest",
   >     false
   >   ],
   >   "internal": true
   > }
[2022/10/17 06:36:55.408] - eth_subscribe
[2022/10/17 06:36:55.408] -    > {
   >   "jsonrpc": "2.0",
   >   "id": 195,
   >   "method": "eth_subscribe",
   >   "params": [
   >     "newHeads"
   >   ],
   >   "internal": true
   > }
[2022/10/17 06:36:55.409] -  <   {
 <     "id": 215,
 <     "jsonrpc": "2.0",
 <     "result": "0xc9f2c9cd04674edea40000000"
 <   }
[2022/10/17 06:36:55.411] -  <   {
 <     "id": 216,
 <     "jsonrpc": "2.0",
 <     "result": "0x0"
 <   }
[2022/10/17 06:36:55.413] -  <   {
 <     "id": 191,
 <     "jsonrpc": "2.0",
 <     "result": "0x0"
 <   }
[2022/10/17 06:36:55.417] -  <   {
 <     "id": 192,
 <     "jsonrpc": "2.0",
 <     "result": [
 <       "0xa603370e129252fc1ecfaa2fb55a65cbe6f03601",
 <       "0xdbd2c3fd451e4abf789868e69c217094bac60d7a",
 <       "0xbe4eea92ec85c68eec783ce25950ee4ae95c1eae",
 <       "0x1d17704a13d8735498cfc46f7d3e3eb391d6b327",
 <       "0x7edd9949a01e5259c420b6900e0bc212e33a2e0a",
 <       "0x8ff58be62a491edfb5ab0f062b9a54f7edb969a6",
 <       "0x0ce09d179d79eaaf7625901b8768f2425043f9c9",
 <       "0x09dba8b4fcffb890b8d52036d26205bb60f9e4fa",
 <       "0x22f82461a98f49115cc94885c627a19999504a26",
 <       "0x01309ec44a22d26411564142c1ff354349ee8bce"
 <     ]
 <   }
[2022/10/17 06:36:55.419] -  <   {
 <     "id": 193,
 <     "jsonrpc": "2.0",
 <     "result": "0x4a817c800"
 <   }
[2022/10/17 06:36:55.422] -  <   {
 <     "id": 194,
 <     "jsonrpc": "2.0",
 <     "result": {
 <       "number": "0x0",
 <       "hash": "0x2652abcfe1e3ec75044f7dc7ba041a803fc1bd8706bd4c4df9b2636a7eee95b2",
 <       "parentHash": "0x0000000000000000000000000000000000000000000000000000000000000000",
 <       "mixHash": "0x0000000000000000000000000000000000000000000000000000000000000000",
 <       "nonce": "0x0000000000000000",
 <       "sha3Uncles": "0x1dcc4de8dec75d7aab85b567b6ccd41ad312451b948a7413f0a142fd40d49347",
 <       "logsBloom": "0x00000000000000000000000000000000000000000000000000000000000000000000000000000000000000000000000000000000000000000000000000000000000000000000000000000000000000000000000000000000000000000000000000000000000000000000000000000000000000000000000000000000000000000000000000000000000000000000000000000000000000000000000000000000000000000000000000000000000000000000000000000000000000000000000000000000000000000000000000000000000000000000000000000000000000000000000000000000000000000000000000000000000000000000000000000000",
 <       "transactionsRoot": "0x56e81f171bcc55a6ff8345e692c0f86e5b48e01b996cadc001622fb5e363b421",
 <       "stateRoot": "0x11a847486147521540e6d4d4a32b4bc9d749401f88b4dd96c1d8457a407a4fc8",
 <       "receiptsRoot": "0x56e81f171bcc55a6ff8345e692c0f86e5b48e01b996cadc001622fb5e363b421",
 <       "miner": "0x0000000000000000000000000000000000000000",
 <       "difficulty": "0x0",
 <       "totalDifficulty": "0x0",
 <       "extraData": "0x",
 <       "size": "0x3e8",
 <       "gasLimit": "0x1",
 <       "gasUsed": "0x0",
 <       "timestamp": "0x634d2470",
 <       "transactions": [],
 <       "uncles": []
 <     }
 <   }
[2022/10/17 06:36:55.424] -  <   {
 <     "id": 195,
 <     "jsonrpc": "2.0",
 <     "result": "0x6"
 <   }
[2022/10/17 06:36:55.440] - eth_getTransactionCount
[2022/10/17 06:36:55.440] -    > {
   >   "jsonrpc": "2.0",
   >   "id": 218,
   >   "method": "eth_getTransactionCount",
   >   "params": [
   >     "0xa603370e129252fc1ecfaa2fb55a65cbe6f03601",
   >     "latest"
   >   ],
   >   "internal": true
   > }
[2022/10/17 06:36:55.443] -  <   {
 <     "id": 218,
 <     "jsonrpc": "2.0",
 <     "result": "0x0"
 <   }
[2022/10/17 06:36:55.443] - eth_getBalance
[2022/10/17 06:36:55.443] -    > {
   >   "jsonrpc": "2.0",
   >   "id": 219,
   >   "method": "eth_getBalance",
   >   "params": [
   >     "0xdbd2c3fd451e4abf789868e69c217094bac60d7a",
   >     "latest"
   >   ],
   >   "internal": true
   > }
[2022/10/17 06:36:55.444] - eth_getTransactionCount
[2022/10/17 06:36:55.445] -    > {
   >   "jsonrpc": "2.0",
   >   "id": 220,
   >   "method": "eth_getTransactionCount",
   >   "params": [
   >     "0xdbd2c3fd451e4abf789868e69c217094bac60d7a",
   >     "latest"
   >   ],
   >   "internal": true
   > }
[2022/10/17 06:36:55.445] -  <   {
 <     "id": 219,
 <     "jsonrpc": "2.0",
 <     "result": "0xc9f2c9cd04674edea40000000"
 <   }
[2022/10/17 06:36:55.446] - eth_getBalance
[2022/10/17 06:36:55.446] -    > {
   >   "jsonrpc": "2.0",
   >   "id": 221,
   >   "method": "eth_getBalance",
   >   "params": [
   >     "0xbe4eea92ec85c68eec783ce25950ee4ae95c1eae",
   >     "latest"
   >   ],
   >   "internal": true
   > }
[2022/10/17 06:36:55.448] -  <   {
 <     "id": 220,
 <     "jsonrpc": "2.0",
 <     "result": "0x0"
 <   }
[2022/10/17 06:36:55.449] - eth_getTransactionCount
[2022/10/17 06:36:55.449] -    > {
   >   "jsonrpc": "2.0",
   >   "id": 222,
   >   "method": "eth_getTransactionCount",
   >   "params": [
   >     "0xbe4eea92ec85c68eec783ce25950ee4ae95c1eae",
   >     "latest"
   >   ],
   >   "internal": true
   > }
[2022/10/17 06:36:55.450] -  <   {
 <     "id": 221,
 <     "jsonrpc": "2.0",
 <     "result": "0xc9f2c9cd04674edea40000000"
 <   }
[2022/10/17 06:36:55.451] - eth_getBalance
[2022/10/17 06:36:55.451] -    > {
   >   "jsonrpc": "2.0",
   >   "id": 223,
   >   "method": "eth_getBalance",
   >   "params": [
   >     "0x1d17704a13d8735498cfc46f7d3e3eb391d6b327",
   >     "latest"
   >   ],
   >   "internal": true
   > }
[2022/10/17 06:36:55.452] -  <   {
 <     "id": 222,
 <     "jsonrpc": "2.0",
 <     "result": "0x0"
 <   }
[2022/10/17 06:36:55.454] - eth_getTransactionCount
[2022/10/17 06:36:55.454] -    > {
   >   "jsonrpc": "2.0",
   >   "id": 224,
   >   "method": "eth_getTransactionCount",
   >   "params": [
   >     "0x1d17704a13d8735498cfc46f7d3e3eb391d6b327",
   >     "latest"
   >   ],
   >   "internal": true
   > }
[2022/10/17 06:36:55.455] -  <   {
 <     "id": 223,
 <     "jsonrpc": "2.0",
 <     "result": "0xc9f2c9cd04674edea40000000"
 <   }
[2022/10/17 06:36:55.456] - eth_getBalance
[2022/10/17 06:36:55.456] -    > {
   >   "jsonrpc": "2.0",
   >   "id": 225,
   >   "method": "eth_getBalance",
   >   "params": [
   >     "0x7edd9949a01e5259c420b6900e0bc212e33a2e0a",
   >     "latest"
   >   ],
   >   "internal": true
   > }
[2022/10/17 06:36:55.457] -  <   {
 <     "id": 224,
 <     "jsonrpc": "2.0",
 <     "result": "0x0"
 <   }
[2022/10/17 06:36:55.458] - eth_getTransactionCount
[2022/10/17 06:36:55.458] -    > {
   >   "jsonrpc": "2.0",
   >   "id": 226,
   >   "method": "eth_getTransactionCount",
   >   "params": [
   >     "0x7edd9949a01e5259c420b6900e0bc212e33a2e0a",
   >     "latest"
   >   ],
   >   "internal": true
   > }
[2022/10/17 06:36:55.459] -  <   {
 <     "id": 225,
 <     "jsonrpc": "2.0",
 <     "result": "0xc9f2c9cd04674edea40000000"
 <   }
[2022/10/17 06:36:55.460] - eth_getBalance
[2022/10/17 06:36:55.460] -    > {
   >   "jsonrpc": "2.0",
   >   "id": 227,
   >   "method": "eth_getBalance",
   >   "params": [
   >     "0x8ff58be62a491edfb5ab0f062b9a54f7edb969a6",
   >     "latest"
   >   ],
   >   "internal": true
   > }
[2022/10/17 06:36:55.461] -  <   {
 <     "id": 226,
 <     "jsonrpc": "2.0",
 <     "result": "0x0"
 <   }
[2022/10/17 06:36:55.462] - eth_getTransactionCount
[2022/10/17 06:36:55.462] -    > {
   >   "jsonrpc": "2.0",
   >   "id": 228,
   >   "method": "eth_getTransactionCount",
   >   "params": [
   >     "0x8ff58be62a491edfb5ab0f062b9a54f7edb969a6",
   >     "latest"
   >   ],
   >   "internal": true
   > }
[2022/10/17 06:36:55.463] -  <   {
 <     "id": 227,
 <     "jsonrpc": "2.0",
 <     "result": "0xc9f2c9cd04674edea40000000"
 <   }
[2022/10/17 06:36:55.464] - eth_getBalance
[2022/10/17 06:36:55.464] -    > {
   >   "jsonrpc": "2.0",
   >   "id": 229,
   >   "method": "eth_getBalance",
   >   "params": [
   >     "0x0ce09d179d79eaaf7625901b8768f2425043f9c9",
   >     "latest"
   >   ],
   >   "internal": true
   > }
[2022/10/17 06:36:55.465] -  <   {
 <     "id": 228,
 <     "jsonrpc": "2.0",
 <     "result": "0x0"
 <   }
[2022/10/17 06:36:55.466] - eth_getTransactionCount
[2022/10/17 06:36:55.467] -    > {
   >   "jsonrpc": "2.0",
   >   "id": 230,
   >   "method": "eth_getTransactionCount",
   >   "params": [
   >     "0x0ce09d179d79eaaf7625901b8768f2425043f9c9",
   >     "latest"
   >   ],
   >   "internal": true
   > }
[2022/10/17 06:36:55.468] -  <   {
 <     "id": 229,
 <     "jsonrpc": "2.0",
 <     "result": "0xc9f2c9cd04674edea40000000"
 <   }
[2022/10/17 06:36:55.469] - eth_getBalance
[2022/10/17 06:36:55.469] -    > {
   >   "jsonrpc": "2.0",
   >   "id": 231,
   >   "method": "eth_getBalance",
   >   "params": [
   >     "0x09dba8b4fcffb890b8d52036d26205bb60f9e4fa",
   >     "latest"
   >   ],
   >   "internal": true
   > }
[2022/10/17 06:36:55.471] -  <   {
 <     "id": 230,
 <     "jsonrpc": "2.0",
 <     "result": "0x0"
 <   }
[2022/10/17 06:36:55.475] - eth_getTransactionCount
[2022/10/17 06:36:55.476] -    > {
   >   "jsonrpc": "2.0",
   >   "id": 232,
   >   "method": "eth_getTransactionCount",
   >   "params": [
   >     "0x09dba8b4fcffb890b8d52036d26205bb60f9e4fa",
   >     "latest"
   >   ],
   >   "internal": true
   > }
[2022/10/17 06:36:55.478] -  <   {
 <     "id": 231,
 <     "jsonrpc": "2.0",
 <     "result": "0xc9f2c9cd04674edea40000000"
 <   }
[2022/10/17 06:36:55.479] - eth_getBalance
[2022/10/17 06:36:55.479] -    > {
   >   "jsonrpc": "2.0",
   >   "id": 233,
   >   "method": "eth_getBalance",
   >   "params": [
   >     "0x22f82461a98f49115cc94885c627a19999504a26",
   >     "latest"
   >   ],
   >   "internal": true
   > }
[2022/10/17 06:36:55.480] - eth_getTransactionCount
[2022/10/17 06:36:55.481] -    > {
   >   "jsonrpc": "2.0",
   >   "id": 234,
   >   "method": "eth_getTransactionCount",
   >   "params": [
   >     "0x22f82461a98f49115cc94885c627a19999504a26",
   >     "latest"
   >   ],
   >   "internal": true
   > }
[2022/10/17 06:36:55.482] -  <   {
 <     "id": 232,
 <     "jsonrpc": "2.0",
 <     "result": "0x0"
 <   }
[2022/10/17 06:36:55.483] - eth_getBalance
[2022/10/17 06:36:55.484] -    > {
   >   "jsonrpc": "2.0",
   >   "id": 235,
   >   "method": "eth_getBalance",
   >   "params": [
   >     "0x01309ec44a22d26411564142c1ff354349ee8bce",
   >     "latest"
   >   ],
   >   "internal": true
   > }
[2022/10/17 06:36:55.485] -  <   {
 <     "id": 233,
 <     "jsonrpc": "2.0",
 <     "result": "0xc9f2c9cd04674edea40000000"
 <   }
[2022/10/17 06:36:55.511] - eth_getTransactionCount
[2022/10/17 06:36:55.511] -    > {
   >   "jsonrpc": "2.0",
   >   "id": 236,
   >   "method": "eth_getTransactionCount",
   >   "params": [
   >     "0x01309ec44a22d26411564142c1ff354349ee8bce",
   >     "latest"
   >   ],
   >   "internal": true
   > }
[2022/10/17 06:36:55.514] -  <   {
 <     "id": 234,
 <     "jsonrpc": "2.0",
 <     "result": "0x0"
 <   }
[2022/10/17 06:36:55.517] -  <   {
 <     "id": 235,
 <     "jsonrpc": "2.0",
 <     "result": "0xc9f2c9cd04674edea40000000"
 <   }
[2022/10/17 06:36:55.520] -  <   {
 <     "id": 236,
 <     "jsonrpc": "2.0",
 <     "result": "0x0"
 <   }
[2022/10/17 06:36:55.743] - eth_getBalance
[2022/10/17 06:36:55.744] -    > {
   >   "jsonrpc": "2.0",
   >   "id": 238,
   >   "method": "eth_getBalance",
   >   "params": [
   >     "0xa603370e129252fc1ecfaa2fb55a65cbe6f03601",
   >     "latest"
   >   ],
   >   "internal": true
   > }
[2022/10/17 06:36:55.746] -  <   {
 <     "id": 238,
 <     "jsonrpc": "2.0",
 <     "result": "0xc9f2c9cd04674edea40000000"
 <   }
[2022/10/17 06:36:55.746] - eth_getTransactionCount
[2022/10/17 06:36:55.757] -    > {
   >   "jsonrpc": "2.0",
   >   "id": 239,
   >   "method": "eth_getTransactionCount",
   >   "params": [
   >     "0xa603370e129252fc1ecfaa2fb55a65cbe6f03601",
   >     "latest"
   >   ],
   >   "internal": true
   > }
[2022/10/17 06:36:55.757] - eth_getBalance
[2022/10/17 06:36:55.758] -    > {
   >   "jsonrpc": "2.0",
   >   "id": 240,
   >   "method": "eth_getBalance",
   >   "params": [
   >     "0xdbd2c3fd451e4abf789868e69c217094bac60d7a",
   >     "latest"
   >   ],
   >   "internal": true
   > }
[2022/10/17 06:36:55.759] - eth_getTransactionCount
[2022/10/17 06:36:55.759] -    > {
   >   "jsonrpc": "2.0",
   >   "id": 241,
   >   "method": "eth_getTransactionCount",
   >   "params": [
   >     "0xdbd2c3fd451e4abf789868e69c217094bac60d7a",
   >     "latest"
   >   ],
   >   "internal": true
   > }
[2022/10/17 06:36:55.761] -  <   {
 <     "id": 239,
 <     "jsonrpc": "2.0",
 <     "result": "0x0"
 <   }
[2022/10/17 06:36:55.770] - eth_getBalance
[2022/10/17 06:36:55.770] -    > {
   >   "jsonrpc": "2.0",
   >   "id": 242,
   >   "method": "eth_getBalance",
   >   "params": [
   >     "0xbe4eea92ec85c68eec783ce25950ee4ae95c1eae",
   >     "latest"
   >   ],
   >   "internal": true
   > }
[2022/10/17 06:36:55.771] - eth_getTransactionCount
[2022/10/17 06:36:55.771] -    > {
   >   "jsonrpc": "2.0",
   >   "id": 243,
   >   "method": "eth_getTransactionCount",
   >   "params": [
   >     "0xbe4eea92ec85c68eec783ce25950ee4ae95c1eae",
   >     "latest"
   >   ],
   >   "internal": true
   > }
[2022/10/17 06:36:55.771] - eth_getBalance
[2022/10/17 06:36:55.772] -    > {
   >   "jsonrpc": "2.0",
   >   "id": 244,
   >   "method": "eth_getBalance",
   >   "params": [
   >     "0x1d17704a13d8735498cfc46f7d3e3eb391d6b327",
   >     "latest"
   >   ],
   >   "internal": true
   > }
[2022/10/17 06:36:55.773] -  <   {
 <     "id": 240,
 <     "jsonrpc": "2.0",
 <     "result": "0xc9f2c9cd04674edea40000000"
 <   }
[2022/10/17 06:36:55.774] - eth_getTransactionCount
[2022/10/17 06:36:55.774] -    > {
   >   "jsonrpc": "2.0",
   >   "id": 245,
   >   "method": "eth_getTransactionCount",
   >   "params": [
   >     "0x1d17704a13d8735498cfc46f7d3e3eb391d6b327",
   >     "latest"
   >   ],
   >   "internal": true
   > }
[2022/10/17 06:36:55.776] -  <   {
 <     "id": 241,
 <     "jsonrpc": "2.0",
 <     "result": "0x0"
 <   }
[2022/10/17 06:36:55.778] - eth_getBalance
[2022/10/17 06:36:55.778] -    > {
   >   "jsonrpc": "2.0",
   >   "id": 246,
   >   "method": "eth_getBalance",
   >   "params": [
   >     "0x7edd9949a01e5259c420b6900e0bc212e33a2e0a",
   >     "latest"
   >   ],
   >   "internal": true
   > }
[2022/10/17 06:36:55.779] -  <   {
 <     "id": 242,
 <     "jsonrpc": "2.0",
 <     "result": "0xc9f2c9cd04674edea40000000"
 <   }
[2022/10/17 06:36:55.781] -  <   {
 <     "id": 243,
 <     "jsonrpc": "2.0",
 <     "result": "0x0"
 <   }
[2022/10/17 06:36:55.782] - eth_getTransactionCount
[2022/10/17 06:36:55.782] -    > {
   >   "jsonrpc": "2.0",
   >   "id": 247,
   >   "method": "eth_getTransactionCount",
   >   "params": [
   >     "0x7edd9949a01e5259c420b6900e0bc212e33a2e0a",
   >     "latest"
   >   ],
   >   "internal": true
   > }
[2022/10/17 06:36:55.784] -  <   {
 <     "id": 244,
 <     "jsonrpc": "2.0",
 <     "result": "0xc9f2c9cd04674edea40000000"
 <   }
[2022/10/17 06:36:55.785] - eth_getBalance
[2022/10/17 06:36:55.785] -    > {
   >   "jsonrpc": "2.0",
   >   "id": 248,
   >   "method": "eth_getBalance",
   >   "params": [
   >     "0x8ff58be62a491edfb5ab0f062b9a54f7edb969a6",
   >     "latest"
   >   ],
   >   "internal": true
   > }
[2022/10/17 06:36:55.786] - eth_getTransactionCount
[2022/10/17 06:36:55.787] -    > {
   >   "jsonrpc": "2.0",
   >   "id": 249,
   >   "method": "eth_getTransactionCount",
   >   "params": [
   >     "0x8ff58be62a491edfb5ab0f062b9a54f7edb969a6",
   >     "latest"
   >   ],
   >   "internal": true
   > }
[2022/10/17 06:36:55.787] -  <   {
 <     "id": 245,
 <     "jsonrpc": "2.0",
 <     "result": "0x0"
 <   }
[2022/10/17 06:36:55.790] -  <   {
 <     "id": 246,
 <     "jsonrpc": "2.0",
 <     "result": "0xc9f2c9cd04674edea40000000"
 <   }
[2022/10/17 06:36:55.790] - eth_getBalance
[2022/10/17 06:36:55.790] -    > {
   >   "jsonrpc": "2.0",
   >   "id": 250,
   >   "method": "eth_getBalance",
   >   "params": [
   >     "0x0ce09d179d79eaaf7625901b8768f2425043f9c9",
   >     "latest"
   >   ],
   >   "internal": true
   > }
[2022/10/17 06:36:55.793] -  <   {
 <     "id": 247,
 <     "jsonrpc": "2.0",
 <     "result": "0x0"
 <   }
[2022/10/17 06:36:55.793] - eth_getTransactionCount
[2022/10/17 06:36:55.793] -    > {
   >   "jsonrpc": "2.0",
   >   "id": 251,
   >   "method": "eth_getTransactionCount",
   >   "params": [
   >     "0x0ce09d179d79eaaf7625901b8768f2425043f9c9",
   >     "latest"
   >   ],
   >   "internal": true
   > }
[2022/10/17 06:36:55.796] -  <   {
 <     "id": 248,
 <     "jsonrpc": "2.0",
 <     "result": "0xc9f2c9cd04674edea40000000"
 <   }
[2022/10/17 06:36:55.796] - eth_getBalance
[2022/10/17 06:36:55.797] -    > {
   >   "jsonrpc": "2.0",
   >   "id": 252,
   >   "method": "eth_getBalance",
   >   "params": [
   >     "0x09dba8b4fcffb890b8d52036d26205bb60f9e4fa",
   >     "latest"
   >   ],
   >   "internal": true
   > }
[2022/10/17 06:36:55.797] - eth_getTransactionCount
[2022/10/17 06:36:55.797] -    > {
   >   "jsonrpc": "2.0",
   >   "id": 253,
   >   "method": "eth_getTransactionCount",
   >   "params": [
   >     "0x09dba8b4fcffb890b8d52036d26205bb60f9e4fa",
   >     "latest"
   >   ],
   >   "internal": true
   > }
[2022/10/17 06:36:55.798] -  <   {
 <     "id": 249,
 <     "jsonrpc": "2.0",
 <     "result": "0x0"
 <   }
[2022/10/17 06:36:55.800] - eth_getBalance
[2022/10/17 06:36:55.800] -    > {
   >   "jsonrpc": "2.0",
   >   "id": 254,
   >   "method": "eth_getBalance",
   >   "params": [
   >     "0x22f82461a98f49115cc94885c627a19999504a26",
   >     "latest"
   >   ],
   >   "internal": true
   > }
[2022/10/17 06:36:55.801] -  <   {
 <     "id": 250,
 <     "jsonrpc": "2.0",
 <     "result": "0xc9f2c9cd04674edea40000000"
 <   }
[2022/10/17 06:36:55.802] - eth_getTransactionCount
[2022/10/17 06:36:55.802] -    > {
   >   "jsonrpc": "2.0",
   >   "id": 255,
   >   "method": "eth_getTransactionCount",
   >   "params": [
   >     "0x22f82461a98f49115cc94885c627a19999504a26",
   >     "latest"
   >   ],
   >   "internal": true
   > }
[2022/10/17 06:36:55.803] -  <   {
 <     "id": 251,
 <     "jsonrpc": "2.0",
 <     "result": "0x0"
 <   }
[2022/10/17 06:36:55.804] - eth_getBalance
[2022/10/17 06:36:55.805] -    > {
   >   "jsonrpc": "2.0",
   >   "id": 256,
   >   "method": "eth_getBalance",
   >   "params": [
   >     "0x01309ec44a22d26411564142c1ff354349ee8bce",
   >     "latest"
   >   ],
   >   "internal": true
   > }
[2022/10/17 06:36:55.805] -  <   {
 <     "id": 252,
 <     "jsonrpc": "2.0",
 <     "result": "0xc9f2c9cd04674edea40000000"
 <   }
[2022/10/17 06:36:55.806] - eth_getTransactionCount
[2022/10/17 06:36:55.806] -    > {
   >   "jsonrpc": "2.0",
   >   "id": 257,
   >   "method": "eth_getTransactionCount",
   >   "params": [
   >     "0x01309ec44a22d26411564142c1ff354349ee8bce",
   >     "latest"
   >   ],
   >   "internal": true
   > }
[2022/10/17 06:36:55.807] -  <   {
 <     "id": 253,
 <     "jsonrpc": "2.0",
 <     "result": "0x0"
 <   }
[2022/10/17 06:36:55.808] - eth_getBalance
[2022/10/17 06:36:55.808] -    > {
   >   "jsonrpc": "2.0",
   >   "id": 258,
   >   "method": "eth_getBalance",
   >   "params": [
   >     "0xa603370e129252fc1ecfaa2fb55a65cbe6f03601",
   >     "latest"
   >   ],
   >   "internal": true
   > }
[2022/10/17 06:36:55.809] -  <   {
 <     "id": 254,
 <     "jsonrpc": "2.0",
 <     "result": "0xc9f2c9cd04674edea40000000"
 <   }
[2022/10/17 06:36:55.810] - eth_getTransactionCount
[2022/10/17 06:36:55.810] -    > {
   >   "jsonrpc": "2.0",
   >   "id": 259,
   >   "method": "eth_getTransactionCount",
   >   "params": [
   >     "0xa603370e129252fc1ecfaa2fb55a65cbe6f03601",
   >     "latest"
   >   ],
   >   "internal": true
   > }
[2022/10/17 06:36:55.811] -  <   {
 <     "id": 255,
 <     "jsonrpc": "2.0",
 <     "result": "0x0"
 <   }
[2022/10/17 06:36:55.812] - eth_getBalance
[2022/10/17 06:36:55.812] -    > {
   >   "jsonrpc": "2.0",
   >   "id": 260,
   >   "method": "eth_getBalance",
   >   "params": [
   >     "0xdbd2c3fd451e4abf789868e69c217094bac60d7a",
   >     "latest"
   >   ],
   >   "internal": true
   > }
[2022/10/17 06:36:55.813] -  <   {
 <     "id": 256,
 <     "jsonrpc": "2.0",
 <     "result": "0xc9f2c9cd04674edea40000000"
 <   }
[2022/10/17 06:36:55.814] - eth_getTransactionCount
[2022/10/17 06:36:55.814] -    > {
   >   "jsonrpc": "2.0",
   >   "id": 261,
   >   "method": "eth_getTransactionCount",
   >   "params": [
   >     "0xdbd2c3fd451e4abf789868e69c217094bac60d7a",
   >     "latest"
   >   ],
   >   "internal": true
   > }
[2022/10/17 06:36:55.816] -  <   {
 <     "id": 257,
 <     "jsonrpc": "2.0",
 <     "result": "0x0"
 <   }
[2022/10/17 06:36:55.817] - eth_getBalance
[2022/10/17 06:36:55.817] -    > {
   >   "jsonrpc": "2.0",
   >   "id": 262,
   >   "method": "eth_getBalance",
   >   "params": [
   >     "0xbe4eea92ec85c68eec783ce25950ee4ae95c1eae",
   >     "latest"
   >   ],
   >   "internal": true
   > }
[2022/10/17 06:36:55.819] -  <   {
 <     "id": 258,
 <     "jsonrpc": "2.0",
 <     "result": "0xc9f2c9cd04674edea40000000"
 <   }
[2022/10/17 06:36:55.820] - eth_getTransactionCount
[2022/10/17 06:36:55.821] -    > {
   >   "jsonrpc": "2.0",
   >   "id": 263,
   >   "method": "eth_getTransactionCount",
   >   "params": [
   >     "0xbe4eea92ec85c68eec783ce25950ee4ae95c1eae",
   >     "latest"
   >   ],
   >   "internal": true
   > }
[2022/10/17 06:36:55.821] -  <   {
 <     "id": 259,
 <     "jsonrpc": "2.0",
 <     "result": "0x0"
 <   }
[2022/10/17 06:36:55.823] - eth_getBalance
[2022/10/17 06:36:55.823] -    > {
   >   "jsonrpc": "2.0",
   >   "id": 264,
   >   "method": "eth_getBalance",
   >   "params": [
   >     "0x1d17704a13d8735498cfc46f7d3e3eb391d6b327",
   >     "latest"
   >   ],
   >   "internal": true
   > }
[2022/10/17 06:36:55.824] -  <   {
 <     "id": 260,
 <     "jsonrpc": "2.0",
 <     "result": "0xc9f2c9cd04674edea40000000"
 <   }
[2022/10/17 06:36:55.825] - eth_getTransactionCount
[2022/10/17 06:36:55.826] -    > {
   >   "jsonrpc": "2.0",
   >   "id": 265,
   >   "method": "eth_getTransactionCount",
   >   "params": [
   >     "0x1d17704a13d8735498cfc46f7d3e3eb391d6b327",
   >     "latest"
   >   ],
   >   "internal": true
   > }
[2022/10/17 06:36:55.827] -  <   {
 <     "id": 261,
 <     "jsonrpc": "2.0",
 <     "result": "0x0"
 <   }
[2022/10/17 06:36:55.829] -  <   {
 <     "id": 262,
 <     "jsonrpc": "2.0",
 <     "result": "0xc9f2c9cd04674edea40000000"
 <   }
[2022/10/17 06:36:55.829] - eth_getBalance
[2022/10/17 06:36:55.830] -    > {
   >   "jsonrpc": "2.0",
   >   "id": 266,
   >   "method": "eth_getBalance",
   >   "params": [
   >     "0x7edd9949a01e5259c420b6900e0bc212e33a2e0a",
   >     "latest"
   >   ],
   >   "internal": true
   > }
[2022/10/17 06:36:55.831] - eth_getTransactionCount
[2022/10/17 06:36:55.831] -    > {
   >   "jsonrpc": "2.0",
   >   "id": 267,
   >   "method": "eth_getTransactionCount",
   >   "params": [
   >     "0x7edd9949a01e5259c420b6900e0bc212e33a2e0a",
   >     "latest"
   >   ],
   >   "internal": true
   > }
[2022/10/17 06:36:55.832] -  <   {
 <     "id": 263,
 <     "jsonrpc": "2.0",
 <     "result": "0x0"
 <   }
[2022/10/17 06:36:55.834] -  <   {
 <     "id": 264,
 <     "jsonrpc": "2.0",
 <     "result": "0xc9f2c9cd04674edea40000000"
 <   }
[2022/10/17 06:36:55.834] - eth_getBalance
[2022/10/17 06:36:55.836] -    > {
   >   "jsonrpc": "2.0",
   >   "id": 268,
   >   "method": "eth_getBalance",
   >   "params": [
   >     "0x8ff58be62a491edfb5ab0f062b9a54f7edb969a6",
   >     "latest"
   >   ],
   >   "internal": true
   > }
[2022/10/17 06:36:55.853] -  <   {
 <     "id": 265,
 <     "jsonrpc": "2.0",
 <     "result": "0x0"
 <   }
[2022/10/17 06:36:55.854] - eth_getTransactionCount
[2022/10/17 06:36:55.854] -    > {
   >   "jsonrpc": "2.0",
   >   "id": 269,
   >   "method": "eth_getTransactionCount",
   >   "params": [
   >     "0x8ff58be62a491edfb5ab0f062b9a54f7edb969a6",
   >     "latest"
   >   ],
   >   "internal": true
   > }
[2022/10/17 06:36:55.855] - eth_getBalance
[2022/10/17 06:36:55.855] -    > {
   >   "jsonrpc": "2.0",
   >   "id": 270,
   >   "method": "eth_getBalance",
   >   "params": [
   >     "0x0ce09d179d79eaaf7625901b8768f2425043f9c9",
   >     "latest"
   >   ],
   >   "internal": true
   > }
[2022/10/17 06:36:55.855] - eth_getTransactionCount
[2022/10/17 06:36:55.855] -    > {
   >   "jsonrpc": "2.0",
   >   "id": 271,
   >   "method": "eth_getTransactionCount",
   >   "params": [
   >     "0x0ce09d179d79eaaf7625901b8768f2425043f9c9",
   >     "latest"
   >   ],
   >   "internal": true
   > }
[2022/10/17 06:36:55.856] - eth_getBalance
[2022/10/17 06:36:55.856] -    > {
   >   "jsonrpc": "2.0",
   >   "id": 272,
   >   "method": "eth_getBalance",
   >   "params": [
   >     "0x09dba8b4fcffb890b8d52036d26205bb60f9e4fa",
   >     "latest"
   >   ],
   >   "internal": true
   > }
[2022/10/17 06:36:55.856] - eth_getTransactionCount
[2022/10/17 06:36:55.856] -    > {
   >   "jsonrpc": "2.0",
   >   "id": 273,
   >   "method": "eth_getTransactionCount",
   >   "params": [
   >     "0x09dba8b4fcffb890b8d52036d26205bb60f9e4fa",
   >     "latest"
   >   ],
   >   "internal": true
   > }
[2022/10/17 06:36:55.858] -  <   {
 <     "id": 266,
 <     "jsonrpc": "2.0",
 <     "result": "0xc9f2c9cd04674edea40000000"
 <   }
[2022/10/17 06:36:55.858] - eth_getBalance
[2022/10/17 06:36:55.858] -    > {
   >   "jsonrpc": "2.0",
   >   "id": 274,
   >   "method": "eth_getBalance",
   >   "params": [
   >     "0x22f82461a98f49115cc94885c627a19999504a26",
   >     "latest"
   >   ],
   >   "internal": true
   > }
[2022/10/17 06:36:55.858] - eth_getTransactionCount
[2022/10/17 06:36:55.859] -    > {
   >   "jsonrpc": "2.0",
   >   "id": 275,
   >   "method": "eth_getTransactionCount",
   >   "params": [
   >     "0x22f82461a98f49115cc94885c627a19999504a26",
   >     "latest"
   >   ],
   >   "internal": true
   > }
[2022/10/17 06:36:55.859] - eth_getBalance
[2022/10/17 06:36:55.859] -    > {
   >   "jsonrpc": "2.0",
   >   "id": 276,
   >   "method": "eth_getBalance",
   >   "params": [
   >     "0x01309ec44a22d26411564142c1ff354349ee8bce",
   >     "latest"
   >   ],
   >   "internal": true
   > }
[2022/10/17 06:36:55.859] - eth_getTransactionCount
[2022/10/17 06:36:55.860] -    > {
   >   "jsonrpc": "2.0",
   >   "id": 277,
   >   "method": "eth_getTransactionCount",
   >   "params": [
   >     "0x01309ec44a22d26411564142c1ff354349ee8bce",
   >     "latest"
   >   ],
   >   "internal": true
   > }
[2022/10/17 06:36:55.860] -  <   {
 <     "id": 267,
 <     "jsonrpc": "2.0",
 <     "result": "0x0"
 <   }
[2022/10/17 06:36:55.863] -  <   {
 <     "id": 268,
 <     "jsonrpc": "2.0",
 <     "result": "0xc9f2c9cd04674edea40000000"
 <   }
[2022/10/17 06:36:55.865] -  <   {
 <     "id": 269,
 <     "jsonrpc": "2.0",
 <     "result": "0x0"
 <   }
[2022/10/17 06:36:55.867] -  <   {
 <     "id": 270,
 <     "jsonrpc": "2.0",
 <     "result": "0xc9f2c9cd04674edea40000000"
 <   }
[2022/10/17 06:36:55.869] -  <   {
 <     "id": 271,
 <     "jsonrpc": "2.0",
 <     "result": "0x0"
 <   }
[2022/10/17 06:36:55.871] -  <   {
 <     "id": 272,
 <     "jsonrpc": "2.0",
 <     "result": "0xc9f2c9cd04674edea40000000"
 <   }
[2022/10/17 06:36:55.874] -  <   {
 <     "id": 273,
 <     "jsonrpc": "2.0",
 <     "result": "0x0"
 <   }
[2022/10/17 06:36:55.876] -  <   {
 <     "id": 274,
 <     "jsonrpc": "2.0",
 <     "result": "0xc9f2c9cd04674edea40000000"
 <   }
[2022/10/17 06:36:55.878] -  <   {
 <     "id": 275,
 <     "jsonrpc": "2.0",
 <     "result": "0x0"
 <   }
[2022/10/17 06:36:55.881] -  <   {
 <     "id": 276,
 <     "jsonrpc": "2.0",
 <     "result": "0xc9f2c9cd04674edea40000000"
 <   }
[2022/10/17 06:36:55.883] -  <   {
 <     "id": 277,
 <     "jsonrpc": "2.0",
 <     "result": "0x0"
 <   }
[2022/10/17 06:37:27.330] - eth_getBlockByNumber
[2022/10/17 06:37:27.336] -    > {
   >   "jsonrpc": "2.0",
   >   "id": 278,
   >   "method": "eth_getBlockByNumber",
   >   "params": [
   >     "0x0",
   >     false
   >   ],
   >   "internal": true
   > }
[2022/10/17 06:37:27.340] -  <   {
 <     "id": 278,
 <     "jsonrpc": "2.0",
 <     "result": {
 <       "number": "0x0",
 <       "hash": "0x2652abcfe1e3ec75044f7dc7ba041a803fc1bd8706bd4c4df9b2636a7eee95b2",
 <       "parentHash": "0x0000000000000000000000000000000000000000000000000000000000000000",
 <       "mixHash": "0x0000000000000000000000000000000000000000000000000000000000000000",
 <       "nonce": "0x0000000000000000",
 <       "sha3Uncles": "0x1dcc4de8dec75d7aab85b567b6ccd41ad312451b948a7413f0a142fd40d49347",
 <       "logsBloom": "0x00000000000000000000000000000000000000000000000000000000000000000000000000000000000000000000000000000000000000000000000000000000000000000000000000000000000000000000000000000000000000000000000000000000000000000000000000000000000000000000000000000000000000000000000000000000000000000000000000000000000000000000000000000000000000000000000000000000000000000000000000000000000000000000000000000000000000000000000000000000000000000000000000000000000000000000000000000000000000000000000000000000000000000000000000000000",
 <       "transactionsRoot": "0x56e81f171bcc55a6ff8345e692c0f86e5b48e01b996cadc001622fb5e363b421",
 <       "stateRoot": "0x11a847486147521540e6d4d4a32b4bc9d749401f88b4dd96c1d8457a407a4fc8",
 <       "receiptsRoot": "0x56e81f171bcc55a6ff8345e692c0f86e5b48e01b996cadc001622fb5e363b421",
 <       "miner": "0x0000000000000000000000000000000000000000",
 <       "difficulty": "0x0",
 <       "totalDifficulty": "0x0",
 <       "extraData": "0x",
 <       "size": "0x3e8",
 <       "gasLimit": "0x1",
 <       "gasUsed": "0x0",
 <       "timestamp": "0x634d2470",
 <       "transactions": [],
 <       "uncles": []
 <     }
 <   }
[2022/10/17 06:37:27.353] - eth_getBlockTransactionCountByHash
[2022/10/17 06:37:27.354] -    > {
   >   "jsonrpc": "2.0",
   >   "id": 279,
   >   "method": "eth_getBlockTransactionCountByHash",
   >   "params": [
   >     "0x2652abcfe1e3ec75044f7dc7ba041a803fc1bd8706bd4c4df9b2636a7eee95b2"
   >   ],
   >   "internal": true
   > }
[2022/10/17 06:37:27.360] -  <   {
 <     "id": 279,
 <     "jsonrpc": "2.0",
 <     "result": "0x0"
 <   }
[2022/10/17 06:37:29.953] - eth_getBlockByNumber
[2022/10/17 06:37:29.953] -    > {
   >   "jsonrpc": "2.0",
   >   "id": 280,
   >   "method": "eth_getBlockByNumber",
   >   "params": [
   >     "0x0",
   >     true
   >   ],
   >   "internal": true
   > }
[2022/10/17 06:37:29.955] -  <   {
 <     "id": 280,
 <     "jsonrpc": "2.0",
 <     "result": {
 <       "number": "0x0",
 <       "hash": "0x2652abcfe1e3ec75044f7dc7ba041a803fc1bd8706bd4c4df9b2636a7eee95b2",
 <       "parentHash": "0x0000000000000000000000000000000000000000000000000000000000000000",
 <       "mixHash": "0x0000000000000000000000000000000000000000000000000000000000000000",
 <       "nonce": "0x0000000000000000",
 <       "sha3Uncles": "0x1dcc4de8dec75d7aab85b567b6ccd41ad312451b948a7413f0a142fd40d49347",
 <       "logsBloom": "0x00000000000000000000000000000000000000000000000000000000000000000000000000000000000000000000000000000000000000000000000000000000000000000000000000000000000000000000000000000000000000000000000000000000000000000000000000000000000000000000000000000000000000000000000000000000000000000000000000000000000000000000000000000000000000000000000000000000000000000000000000000000000000000000000000000000000000000000000000000000000000000000000000000000000000000000000000000000000000000000000000000000000000000000000000000000",
 <       "transactionsRoot": "0x56e81f171bcc55a6ff8345e692c0f86e5b48e01b996cadc001622fb5e363b421",
 <       "stateRoot": "0x11a847486147521540e6d4d4a32b4bc9d749401f88b4dd96c1d8457a407a4fc8",
 <       "receiptsRoot": "0x56e81f171bcc55a6ff8345e692c0f86e5b48e01b996cadc001622fb5e363b421",
 <       "miner": "0x0000000000000000000000000000000000000000",
 <       "difficulty": "0x0",
 <       "totalDifficulty": "0x0",
 <       "extraData": "0x",
 <       "size": "0x3e8",
 <       "gasLimit": "0x1",
 <       "gasUsed": "0x0",
 <       "timestamp": "0x634d2470",
 <       "transactions": [],
 <       "uncles": []
 <     }
 <   }
[2022/10/17 06:37:32.601] - eth_getLogs
[2022/10/17 06:37:32.602] -    > {
   >   "jsonrpc": "2.0",
   >   "id": 282,
   >   "method": "eth_getLogs",
   >   "params": [
   >     {
   >       "fromBlock": "0x0",
   >       "toBlock": "0x0",
   >       "topics": []
   >     }
   >   ],
   >   "internal": true
   > }
[2022/10/17 06:37:32.604] -  <   {
 <     "id": 282,
 <     "jsonrpc": "2.0",
 <     "result": []
 <   }
[2022/10/17 09:17:23.012] - eth_unsubscribe
[2022/10/17 09:17:23.070] -    > {
   >   "jsonrpc": "2.0",
   >   "id": 23,
   >   "method": "eth_unsubscribe",
   >   "params": [
   >     "0x3"
   >   ]
   > }
[2022/10/17 09:17:23.073] - eth_unsubscribe
[2022/10/17 09:17:23.075] -    > {
   >   "jsonrpc": "2.0",
   >   "id": 24,
   >   "method": "eth_unsubscribe",
   >   "params": [
   >     "0x4"
   >   ]
   > }
[2022/10/17 09:17:23.082] -  <   {
 <     "id": 23,
 <     "jsonrpc": "2.0",
 <     "result": true
 <   }
[2022/10/17 09:17:23.089] -  <   {
 <     "id": 24,
 <     "jsonrpc": "2.0",
 <     "result": true
 <   }
[2022/10/17 09:17:23.234] -    > {
   >   "jsonrpc": "2.0",
   >   "method": "eth_unsubscribe",
   >   "params": [
   >     "0x6"
   >   ],
   >   "id": 1666016243230
   > }
[2022/10/17 09:17:23.234] -    > {
   >   "jsonrpc": "2.0",
   >   "method": "eth_unsubscribe",
   >   "params": [
   >     "0x5"
   >   ],
   >   "id": 1666016243234
   > }
[2022/10/17 09:17:23.236] -    > {
   >   "jsonrpc": "2.0",
   >   "method": "eth_unsubscribe",
   >   "params": [
   >     "0x1"
   >   ],
   >   "id": 1666016243236
   > }
[2022/10/17 09:17:23.239] -    > {
   >   "jsonrpc": "2.0",
   >   "method": "eth_unsubscribe",
   >   "params": [
   >     "0x2"
   >   ],
   >   "id": 1666016243239
   > }
[2022/10/17 09:17:23.241] -  <   {
 <     "id": 1666016243230,
 <     "jsonrpc": "2.0",
 <     "result": true
 <   }
[2022/10/17 09:17:23.243] -  <   {
 <     "id": 1666016243234,
 <     "jsonrpc": "2.0",
 <     "result": true
 <   }
[2022/10/17 09:17:23.247] -  <   {
 <     "id": 1666016243236,
 <     "jsonrpc": "2.0",
 <     "result": true
 <   }
[2022/10/17 09:17:23.253] -  <   {
 <     "id": 1666016243239,
 <     "jsonrpc": "2.0",
 <     "result": true
 <   }
